Copyright 1986-2015 Xilinx, Inc. All Rights Reserved.
--------------------------------------------------------------------------------------------------
| Tool Version : Vivado v.2015.4.2 (win64) Build 1494164 Fri Feb 26 04:18:56 MST 2016
| Date         : Fri May 13 00:35:29 2016
| Host         : DESKTOP-I329812 running 64-bit major release  (build 9200)
| Command      : report_control_sets -verbose -file ANN_SW_design_wrapper_control_sets_placed.rpt
| Design       : ANN_SW_design_wrapper
| Device       : xc7z010
--------------------------------------------------------------------------------------------------

Control Set Information

Table of Contents
-----------------
1. Summary
2. Flip-Flop Distribution
3. Detailed Control Set Information

1. Summary
----------

+-------------------------------------------------------------------+-------+
|                               Status                              | Count |
+-------------------------------------------------------------------+-------+
| Number of unique control sets                                     |    36 |
| Minimum Number of register sites lost to control set restrictions |    90 |
+-------------------------------------------------------------------+-------+


2. Flip-Flop Distribution
-------------------------

+--------------+-----------------------+------------------------+-----------------+--------------+
| Clock Enable | Synchronous Set/Reset | Asynchronous Set/Reset | Total Registers | Total Slices |
+--------------+-----------------------+------------------------+-----------------+--------------+
| No           | No                    | No                     |             112 |           37 |
| No           | No                    | Yes                    |               0 |            0 |
| No           | Yes                   | No                     |              98 |           27 |
| Yes          | No                    | No                     |             338 |           80 |
| Yes          | No                    | Yes                    |               0 |            0 |
| Yes          | Yes                   | No                     |              34 |           10 |
+--------------+-----------------------+------------------------+-----------------+--------------+


3. Detailed Control Set Information
-----------------------------------

+------------------------------------------------------+-----------------------------------------------------------------------------------------------------------------------------------------------------------------------------------+--------------------------------------------------------------------------------------------------------------------------------------------------------------+------------------+----------------+
|                     Clock Signal                     |                                                                                   Enable Signal                                                                                   |                                                                       Set/Reset Signal                                                                       | Slice Load Count | Bel Load Count |
+------------------------------------------------------+-----------------------------------------------------------------------------------------------------------------------------------------------------------------------------------+--------------------------------------------------------------------------------------------------------------------------------------------------------------+------------------+----------------+
|  ANN_SW_design_i/processing_system7_0/inst/FCLK_CLK0 | ANN_SW_design_i/processing_system7_0_axi_periph/s00_couplers/auto_pc/inst/gen_axilite.gen_b2s_conv.axilite_b2s/WR.b_channel_0/bid_fifo_0/bresp_push                               |                                                                                                                                                              |                1 |              2 |
|  ANN_SW_design_i/processing_system7_0/inst/FCLK_CLK0 |                                                                                                                                                                                   | ANN_SW_design_i/axi_gpio_0/U0/AXI_LITE_IPIF_I/I_SLAVE_ATTACHMENT/clear                                                                                       |                1 |              4 |
|  ANN_SW_design_i/processing_system7_0/inst/FCLK_CLK0 | ANN_SW_design_i/processing_system7_0_axi_periph/s00_couplers/auto_pc/inst/gen_axilite.gen_b2s_conv.axilite_b2s/WR.aw_channel_0/aw_cmd_fsm_0/axlen_cnt_reg[4]                      |                                                                                                                                                              |                2 |              4 |
|  ANN_SW_design_i/processing_system7_0/inst/FCLK_CLK0 |                                                                                                                                                                                   | ANN_SW_design_i/axi_gpio_0/U0/gpio_core_1/Read_Reg_Rst                                                                                                       |                1 |              4 |
|  ANN_SW_design_i/processing_system7_0/inst/FCLK_CLK0 | ANN_SW_design_i/axi_gpio_0/U0/AXI_LITE_IPIF_I/I_SLAVE_ATTACHMENT/I_DECODER/E[0]                                                                                                   | ANN_SW_design_i/axi_gpio_0/U0/AXI_LITE_IPIF_I/I_SLAVE_ATTACHMENT/bus2ip_addr_i_reg[2]_0                                                                      |                1 |              4 |
|  ANN_SW_design_i/processing_system7_0/inst/FCLK_CLK0 |                                                                                                                                                                                   | ANN_SW_design_i/rst_processing_system7_0_100M/U0/EXT_LPF/lpf_int                                                                                             |                2 |              4 |
|  ANN_SW_design_i/processing_system7_0/inst/FCLK_CLK0 | ANN_SW_design_i/processing_system7_0_axi_periph/s00_couplers/auto_pc/inst/gen_axilite.gen_b2s_conv.axilite_b2s/RD.ar_channel_0/ar_cmd_fsm_0/axlen_cnt_reg[4]                      |                                                                                                                                                              |                2 |              4 |
|  ANN_SW_design_i/processing_system7_0/inst/FCLK_CLK0 | ANN_SW_design_i/processing_system7_0_axi_periph/s00_couplers/auto_pc/inst/gen_axilite.gen_b2s_conv.axilite_b2s/RD.ar_channel_0/ar_cmd_fsm_0/axlen_cnt_reg[4]                      | ANN_SW_design_i/processing_system7_0_axi_periph/s00_couplers/auto_pc/inst/gen_axilite.gen_b2s_conv.axilite_b2s/RD.ar_channel_0/ar_cmd_fsm_0/axlen_cnt_reg[7] |                2 |              4 |
|  ANN_SW_design_i/processing_system7_0/inst/FCLK_CLK0 | ANN_SW_design_i/axi_gpio_0/U0/AXI_LITE_IPIF_I/I_SLAVE_ATTACHMENT/I_DECODER/Not_Dual.gpio_Data_Out_reg[0][0]                                                                       | ANN_SW_design_i/axi_gpio_0/U0/AXI_LITE_IPIF_I/I_SLAVE_ATTACHMENT/bus2ip_addr_i_reg[2]_0                                                                      |                1 |              4 |
|  ANN_SW_design_i/processing_system7_0/inst/FCLK_CLK0 | ANN_SW_design_i/processing_system7_0_axi_periph/s00_couplers/auto_pc/inst/gen_axilite.gen_b2s_conv.axilite_b2s/RD.ar_channel_0/ar_cmd_fsm_0/axlen_cnt_reg[0]_0[0]                 |                                                                                                                                                              |                2 |              4 |
|  ANN_SW_design_i/processing_system7_0/inst/FCLK_CLK0 | ANN_SW_design_i/axi_gpio_0/U0/AXI_LITE_IPIF_I/I_SLAVE_ATTACHMENT/s_axi_rdata_i                                                                                                    | ANN_SW_design_i/axi_gpio_0/U0/AXI_LITE_IPIF_I/I_SLAVE_ATTACHMENT/bus2ip_addr_i_reg[2]_0                                                                      |                1 |              4 |
|  ANN_SW_design_i/processing_system7_0/inst/FCLK_CLK0 | ANN_SW_design_i/processing_system7_0_axi_periph/s00_couplers/auto_pc/inst/gen_axilite.gen_b2s_conv.axilite_b2s/WR.aw_channel_0/aw_cmd_fsm_0/axlen_cnt_reg[4]                      | ANN_SW_design_i/processing_system7_0_axi_periph/s00_couplers/auto_pc/inst/gen_axilite.gen_b2s_conv.axilite_b2s/WR.aw_channel_0/aw_cmd_fsm_0/axlen_cnt_reg[7] |                1 |              4 |
|  ANN_SW_design_i/processing_system7_0/inst/FCLK_CLK0 | ANN_SW_design_i/processing_system7_0_axi_periph/s00_couplers/auto_pc/inst/gen_axilite.gen_b2s_conv.axilite_b2s/WR.aw_channel_0/aw_cmd_fsm_0/E[0]                                  |                                                                                                                                                              |                1 |              4 |
|  ANN_SW_design_i/processing_system7_0/inst/FCLK_CLK0 | ANN_SW_design_i/rst_processing_system7_0_100M/U0/SEQ/seq_cnt_en                                                                                                                   | ANN_SW_design_i/rst_processing_system7_0_100M/U0/SEQ/SEQ_COUNTER/clear                                                                                       |                1 |              6 |
|  ANN_SW_design_i/processing_system7_0/inst/FCLK_CLK0 |                                                                                                                                                                                   | ANN_SW_design_i/processing_system7_0_axi_periph/s00_couplers/auto_pc/inst/gen_axilite.gen_b2s_conv.axilite_b2s/SI_REG/r_pipe/SR[0]                           |                3 |              8 |
|  ANN_SW_design_i/processing_system7_0/inst/FCLK_CLK0 | ANN_SW_design_i/processing_system7_0_axi_periph/s00_couplers/auto_pc/inst/gen_axilite.gen_b2s_conv.axilite_b2s/WR.b_channel_0/mhandshake_r                                        | ANN_SW_design_i/processing_system7_0_axi_periph/s00_couplers/auto_pc/inst/gen_axilite.gen_b2s_conv.axilite_b2s/WR.b_channel_0/bid_fifo_0/SR[0]               |                3 |              8 |
|  ANN_SW_design_i/processing_system7_0/inst/FCLK_CLK0 | ANN_SW_design_i/processing_system7_0_axi_periph/s00_couplers/auto_pc/inst/gen_axilite.gen_b2s_conv.axilite_b2s/WR.aw_channel_0/cmd_translator_0/incr_cmd_0/axaddr_incr[0]_i_1_n_0 |                                                                                                                                                              |                3 |             12 |
|  ANN_SW_design_i/processing_system7_0/inst/FCLK_CLK0 | ANN_SW_design_i/processing_system7_0_axi_periph/s00_couplers/auto_pc/inst/gen_axilite.gen_b2s_conv.axilite_b2s/RD.ar_channel_0/ar_cmd_fsm_0/axaddr_wrap_reg[0][0]                 |                                                                                                                                                              |                4 |             12 |
|  ANN_SW_design_i/processing_system7_0/inst/FCLK_CLK0 | ANN_SW_design_i/processing_system7_0_axi_periph/s00_couplers/auto_pc/inst/gen_axilite.gen_b2s_conv.axilite_b2s/RD.ar_channel_0/ar_cmd_fsm_0/E[0]                                  |                                                                                                                                                              |                5 |             12 |
|  ANN_SW_design_i/processing_system7_0/inst/FCLK_CLK0 | ANN_SW_design_i/processing_system7_0_axi_periph/s00_couplers/auto_pc/inst/gen_axilite.gen_b2s_conv.axilite_b2s/RD.ar_channel_0/ar_cmd_fsm_0/axaddr_incr_reg[11]                   |                                                                                                                                                              |                3 |             12 |
|  ANN_SW_design_i/processing_system7_0/inst/FCLK_CLK0 | ANN_SW_design_i/processing_system7_0_axi_periph/s00_couplers/auto_pc/inst/gen_axilite.gen_b2s_conv.axilite_b2s/WR.aw_channel_0/aw_cmd_fsm_0/wrap_boundary_axaddr_r_reg[11]        |                                                                                                                                                              |                3 |             12 |
|  ANN_SW_design_i/processing_system7_0/inst/FCLK_CLK0 | ANN_SW_design_i/processing_system7_0_axi_periph/s00_couplers/auto_pc/inst/gen_axilite.gen_b2s_conv.axilite_b2s/WR.aw_channel_0/aw_cmd_fsm_0/axaddr_wrap_reg[0][0]                 |                                                                                                                                                              |                5 |             12 |
|  ANN_SW_design_i/processing_system7_0/inst/FCLK_CLK0 | ANN_SW_design_i/processing_system7_0_axi_periph/s00_couplers/auto_pc/inst/gen_axilite.gen_b2s_conv.axilite_b2s/RD.r_channel_0/r_push_r                                            |                                                                                                                                                              |                4 |             13 |
|  ANN_SW_design_i/processing_system7_0/inst/FCLK_CLK0 | ANN_SW_design_i/processing_system7_0_axi_periph/s00_couplers/auto_pc/inst/gen_axilite.gen_b2s_conv.axilite_b2s/SI_REG/b_pipe/p_1_in                                               |                                                                                                                                                              |                3 |             14 |
|  ANN_SW_design_i/processing_system7_0/inst/FCLK_CLK0 | ANN_SW_design_i/processing_system7_0_axi_periph/s00_couplers/auto_pc/inst/gen_axilite.gen_b2s_conv.axilite_b2s/SI_REG/b_pipe/skid_buffer_reg[0]_0                                 |                                                                                                                                                              |                3 |             14 |
|  ANN_SW_design_i/processing_system7_0/inst/FCLK_CLK0 |                                                                                                                                                                                   | ANN_SW_design_i/axi_gpio_0/U0/AXI_LITE_IPIF_I/I_SLAVE_ATTACHMENT/bus2ip_addr_i_reg[2]_0                                                                      |                6 |             19 |
|  ANN_SW_design_i/processing_system7_0/inst/FCLK_CLK0 | ANN_SW_design_i/processing_system7_0_axi_periph/s00_couplers/auto_pc/inst/gen_axilite.gen_b2s_conv.axilite_b2s/WR.aw_channel_0/aw_cmd_fsm_0/b_push                                |                                                                                                                                                              |                5 |             20 |
|  ANN_SW_design_i/processing_system7_0/inst/FCLK_CLK0 | ANN_SW_design_i/processing_system7_0_axi_periph/s00_couplers/auto_pc/inst/gen_axilite.gen_b2s_conv.axilite_b2s/RD.ar_channel_0/ar_cmd_fsm_0/m_payload_i_reg[0]_1[0]               |                                                                                                                                                              |                7 |             32 |
|  ANN_SW_design_i/processing_system7_0/inst/FCLK_CLK0 | ANN_SW_design_i/processing_system7_0_axi_periph/s00_couplers/auto_pc/inst/gen_axilite.gen_b2s_conv.axilite_b2s/WR.aw_channel_0/aw_cmd_fsm_0/m_payload_i_reg[0][0]                 |                                                                                                                                                              |                5 |             32 |
|  ANN_SW_design_i/processing_system7_0/inst/FCLK_CLK0 | ANN_SW_design_i/processing_system7_0_axi_periph/s00_couplers/auto_pc/inst/gen_axilite.gen_b2s_conv.axilite_b2s/SI_REG/ar_pipe/skid_buffer_reg[0]_0                                |                                                                                                                                                              |                6 |             32 |
|  ANN_SW_design_i/processing_system7_0/inst/FCLK_CLK0 | ANN_SW_design_i/processing_system7_0_axi_periph/s00_couplers/auto_pc/inst/gen_axilite.gen_b2s_conv.axilite_b2s/SI_REG/aw_pipe/skid_buffer_reg[0]_0                                |                                                                                                                                                              |                7 |             32 |
|  ANN_SW_design_i/processing_system7_0/inst/FCLK_CLK0 | ANN_SW_design_i/processing_system7_0_axi_periph/s00_couplers/auto_pc/inst/gen_axilite.gen_b2s_conv.axilite_b2s/RD.r_channel_0/rd_data_fifo_0/wr_en0                               |                                                                                                                                                              |               10 |             34 |
|  ANN_SW_design_i/processing_system7_0/inst/FCLK_CLK0 | ANN_SW_design_i/processing_system7_0_axi_periph/s00_couplers/auto_pc/inst/gen_axilite.gen_b2s_conv.axilite_b2s/SI_REG/r_pipe/p_1_in                                               |                                                                                                                                                              |                9 |             47 |
|  ANN_SW_design_i/processing_system7_0/inst/FCLK_CLK0 | ANN_SW_design_i/processing_system7_0_axi_periph/s00_couplers/auto_pc/inst/gen_axilite.gen_b2s_conv.axilite_b2s/SI_REG/r_pipe/skid_buffer_reg[0]_0                                 |                                                                                                                                                              |               10 |             47 |
|  ANN_SW_design_i/processing_system7_0/inst/FCLK_CLK0 |                                                                                                                                                                                   | ANN_SW_design_i/processing_system7_0_axi_periph/s00_couplers/auto_pc/inst/gen_axilite.gen_b2s_conv.axilite_b2s/areset_d1                                     |               14 |             59 |
|  ANN_SW_design_i/processing_system7_0/inst/FCLK_CLK0 |                                                                                                                                                                                   |                                                                                                                                                              |               38 |            113 |
+------------------------------------------------------+-----------------------------------------------------------------------------------------------------------------------------------------------------------------------------------+--------------------------------------------------------------------------------------------------------------------------------------------------------------+------------------+----------------+


