Copyright 1986-2015 Xilinx, Inc. All Rights Reserved.
--------------------------------------------------------------------------------------
| Tool Version : Vivado v.2015.4.2 (win64) Build 1494164 Fri Feb 26 04:18:56 MST 2016
| Date         : Sun Jun 19 00:23:11 2016
| Host         : DESKTOP-I329812 running 64-bit major release  (build 9200)
| Command      : report_drc
--------------------------------------------------------------------------------------

Report DRC

Table of Contents
-----------------
1. REPORT SUMMARY
2. REPORT DETAILS

1. REPORT SUMMARY
-----------------
            Netlist: netlist
          Floorplan: design_1
      Design limits: <entire design considered>
           Ruledeck: default
             Max violations: <unlimited>
             Violations found: 1

2. REPORT DETAILS
-----------------
PLIO-7#1 Warning
Placement Constraints Check for IO constraints  
An IO Bus FIXED_IO_0_mio[53:0] with more than one IO standard is found. Components associated with this bus are: LVCMOS33 (FIXED_IO_0_mio[15], FIXED_IO_0_mio[14], FIXED_IO_0_mio[13], FIXED_IO_0_mio[12], FIXED_IO_0_mio[11], FIXED_IO_0_mio[10], FIXED_IO_0_mio[9], FIXED_IO_0_mio[8], FIXED_IO_0_mio[7], FIXED_IO_0_mio[6], FIXED_IO_0_mio[5], FIXED_IO_0_mio[4], FIXED_IO_0_mio[3], FIXED_IO_0_mio[2], FIXED_IO_0_mio[1] (the first 15 of 16 listed)); LVCMOS18 (FIXED_IO_0_mio[53], FIXED_IO_0_mio[52], FIXED_IO_0_mio[51], FIXED_IO_0_mio[50], FIXED_IO_0_mio[49], FIXED_IO_0_mio[48], FIXED_IO_0_mio[47], FIXED_IO_0_mio[46], FIXED_IO_0_mio[45], FIXED_IO_0_mio[44], FIXED_IO_0_mio[43], FIXED_IO_0_mio[42], FIXED_IO_0_mio[41], FIXED_IO_0_mio[40], FIXED_IO_0_mio[39] (the first 15 of 26 listed)); HSTL_I_18 (FIXED_IO_0_mio[27], FIXED_IO_0_mio[26], FIXED_IO_0_mio[25], FIXED_IO_0_mio[24], FIXED_IO_0_mio[23], FIXED_IO_0_mio[22], FIXED_IO_0_mio[21], FIXED_IO_0_mio[20], FIXED_IO_0_mio[19], FIXED_IO_0_mio[18], FIXED_IO_0_mio[17], FIXED_IO_0_mio[16]); 
Related violations: <none>


