#-----------------------------------------------------------
# Vivado v2015.4.2 (64-bit)
# SW Build 1494164 on Fri Feb 26 04:18:56 MST 2016
# IP Build 1491208 on Wed Feb 24 03:25:39 MST 2016
# Start of session at: Mon Mar 07 23:28:37 2016
# Process ID: 1336
# Current directory: E:/Zynq/ANN_project
# Command line: vivado.exe -gui_launcher_event rodinguilauncherevent5976 E:\Zynq\ANN_project\ANN_project.xpr
# Log file: E:/Zynq/ANN_project/vivado.log
# Journal file: E:/Zynq/ANN_project\vivado.jou
#-----------------------------------------------------------
start_gui
open_project E:/Zynq/ANN_project/ANN_project.xpr
Scanning sources...
Finished scanning sources
INFO: [IP_Flow 19-234] Refreshing IP repositories
INFO: [IP_Flow 19-1704] No user IP repositories specified
INFO: [IP_Flow 19-2313] Loaded Vivado IP repository 'C:/Xilinx/Vivado/2015.4/data/ip'.
open_project: Time (s): cpu = 00:00:16 ; elapsed = 00:00:11 . Memory (MB): peak = 839.867 ; gain = 247.680
open_bd_design {E:/Zynq/ANN_project/ANN_project.srcs/sources_1/bd/SW_design/SW_design.bd}
Adding component instance block -- xilinx.com:ip:processing_system7:5.5 - processing_system7_0
Adding component instance block -- xilinx.com:ip:axi_gpio:2.0 - axi_gpio_0
Adding component instance block -- xilinx.com:ip:proc_sys_reset:5.0 - rst_processing_system7_0_100M
INFO: [Ipptcl 7-1463] No Compatible Board Interface found. Board Tab not created in customize GUI
Adding component instance block -- xilinx.com:ip:axi_protocol_converter:2.1 - auto_pc
Successfully read diagram <SW_design> from BD file <E:/Zynq/ANN_project/ANN_project.srcs/sources_1/bd/SW_design/SW_design.bd>
open_bd_design: Time (s): cpu = 00:00:11 ; elapsed = 00:00:08 . Memory (MB): peak = 907.762 ; gain = 50.559
exit
INFO: [Common 17-206] Exiting Vivado at Mon Mar 07 23:29:29 2016...
