00:39:14 INFO  : Launching XSDB server: xsdb.bat C:/Xilinx/SDK/2015.4/scripts/xsdb/xsdb/xsdb-server.tcl
00:39:15 INFO  : XSDB server has started successfully.
00:39:15 INFO  : Processing command line option -hwspec E:/ANN_project/ANN_project.sdk/ANN_SW_design_wrapper.hdf.
00:50:07 INFO  : Successfully generated E:\ANN_project\ANN_project.sdk\ANN_SW_Heartbeats_Classifier_app\src\lscript.ld.
00:50:07 INFO  : Applying linker script to all configurations of project ANN_SW_Heartbeats_Classifier_app.
00:50:07 INFO  : Setting rebuild state to true for all configurations of project ANN_SW_Heartbeats_Classifier_app.
00:55:11 INFO  : Invoking Bootgen: bootgen -image ANN_SW_Zynq_first_stage_bootloader.bif -o E:\ANN_project\ANN_project.sdk\ANN_SW_Zynq_first_stage_bootloader\bootimage\BOOT.bin
00:55:11 INFO  : Creating new bif file E:\ANN_project\ANN_project.sdk\ANN_SW_Zynq_first_stage_bootloader\bootimage\ANN_SW_Zynq_first_stage_bootloader.bif
00:55:12 INFO  : Bootgen command execution is done.
23:19:03 INFO  : Launching XSDB server: xsdb.bat C:/Xilinx/SDK/2015.4/scripts/xsdb/xsdb/xsdb-server.tcl
23:19:07 INFO  : XSDB server has started successfully.
00:04:40 INFO  : Launching XSDB server: xsdb.bat C:/Xilinx/SDK/2015.4/scripts/xsdb/xsdb/xsdb-server.tcl
00:04:44 INFO  : XSDB server has started successfully.
15:12:06 INFO  : Launching XSDB server: xsdb.bat C:/Xilinx/SDK/2015.4/scripts/xsdb/xsdb/xsdb-server.tcl
15:12:09 INFO  : XSDB server has started successfully.
00:30:57 INFO  : Launching XSDB server: xsdb.bat C:/Xilinx/SDK/2015.4/scripts/xsdb/xsdb/xsdb-server.tcl
00:30:59 INFO  : XSDB server has started successfully.
16:05:32 INFO  : Launching XSDB server: xsdb.bat C:/Xilinx/SDK/2015.4/scripts/xsdb/xsdb/xsdb-server.tcl
16:05:35 INFO  : XSDB server has started successfully.
18:11:17 INFO  : Launching XSDB server: xsdb.bat C:/Xilinx/SDK/2015.4/scripts/xsdb/xsdb/xsdb-server.tcl
18:11:19 INFO  : XSDB server has started successfully.
18:46:21 INFO  : Launching XSDB server: xsdb.bat C:/Xilinx/SDK/2015.4/scripts/xsdb/xsdb/xsdb-server.tcl
18:46:23 INFO  : XSDB server has started successfully.
18:51:52 INFO  : 'targets -set -filter {jtag_cable_name =~ "Digilent Zybo 210279654192A" && level==0} -index 1' command is executed.
18:51:52 INFO  : 'fpga -state' command is executed.
18:51:56 INFO  : Connected to target on host '127.0.0.1' and port '3121'.
18:51:56 INFO  : Sourcing of 'E:/ANN_project/ANN_project.sdk/ANN_SW_design_wrapper_hw_platform_0/ps7_init.tcl' is done.
18:51:56 INFO  : 'targets -set -filter {name =~"APU" && jtag_cable_name =~ "Digilent Zybo 210279654192A"} -index 0' command is executed.
18:51:56 INFO  : Hardware design information is loaded from 'E:/ANN_project/ANN_project.sdk/ANN_SW_design_wrapper_hw_platform_0/system.hdf'.
18:51:57 INFO  : 'targets -set -filter {name =~"APU" && jtag_cable_name =~ "Digilent Zybo 210279654192A"} -index 0' command is executed.
18:51:57 INFO  : 'stop' command is executed.
18:51:58 INFO  : 'ps7_init' command is executed.
18:51:58 INFO  : 'ps7_post_config' command is executed.
18:51:58 INFO  : 'con' command is executed.
18:51:58 INFO  : Context for processor 'ps7_cortexa9_0' is selected.
18:51:58 INFO  : Processor reset is completed for 'ps7_cortexa9_0'.
18:51:58 INFO  : Context for processor 'ps7_cortexa9_0' is selected.
18:51:59 INFO  : The application 'E:/ANN_project/ANN_project.sdk/ANN_SW_Heartbeats_Classifier_app/Debug/debug_ANN_SW_Heartbeats_Classifier_app.elf' is downloaded to processor 'ps7_cortexa9_0'.
18:51:59 INFO  : ----------------XSDB Script----------------
connect -url tcp:127.0.0.1:3121
source E:/ANN_project/ANN_project.sdk/ANN_SW_design_wrapper_hw_platform_0/ps7_init.tcl
targets -set -filter {name =~"APU" && jtag_cable_name =~ "Digilent Zybo 210279654192A"} -index 0
loadhw E:/ANN_project/ANN_project.sdk/ANN_SW_design_wrapper_hw_platform_0/system.hdf
targets -set -filter {name =~"APU" && jtag_cable_name =~ "Digilent Zybo 210279654192A"} -index 0
stop
ps7_init
ps7_post_config
con
targets -set -nocase -filter {name =~ "ARM*#0" && jtag_cable_name =~ "Digilent Zybo 210279654192A"} -index 0
rst -processor
targets -set -nocase -filter {name =~ "ARM*#0" && jtag_cable_name =~ "Digilent Zybo 210279654192A"} -index 0
dow E:/ANN_project/ANN_project.sdk/ANN_SW_Heartbeats_Classifier_app/Debug/debug_ANN_SW_Heartbeats_Classifier_app.elf
----------------End of Script----------------

18:51:59 INFO  : Memory regions updated for context APU
18:51:59 INFO  : Context for processor 'ps7_cortexa9_0' is selected.
18:51:59 INFO  : 'con' command is executed.
18:51:59 INFO  : ----------------XSDB Script (After Launch)----------------
targets -set -nocase -filter {name =~ "ARM*#0" && jtag_cable_name =~ "Digilent Zybo 210279654192A"} -index 0
con
----------------End of Script----------------

18:52:27 INFO  : Disconnected from the channel tcfchan#1.
18:52:27 INFO  : 'targets -set -filter {jtag_cable_name =~ "Digilent Zybo 210279654192A" && level==0} -index 1' command is executed.
18:52:27 INFO  : 'fpga -state' command is executed.
18:52:34 INFO  : Connected to target on host '127.0.0.1' and port '3121'.
18:52:34 INFO  : 'targets -set -filter {jtag_cable_name =~ "Digilent Zybo 210279654192A" && level==0} -index 1' command is executed.
18:52:36 INFO  : FPGA configured successfully with bitstream "E:/ANN_project/ANN_project.sdk/ANN_SW_design_wrapper_hw_platform_0/ANN_SW_design_wrapper.bit"
18:52:41 INFO  : 'targets -set -filter {jtag_cable_name =~ "Digilent Zybo 210279654192A" && level==0} -index 1' command is executed.
18:52:41 INFO  : 'fpga -state' command is executed.
18:52:41 INFO  : Connected to target on host '127.0.0.1' and port '3121'.
18:52:42 INFO  : Sourcing of 'E:/ANN_project/ANN_project.sdk/ANN_SW_design_wrapper_hw_platform_0/ps7_init.tcl' is done.
18:52:42 INFO  : 'targets -set -filter {name =~"APU" && jtag_cable_name =~ "Digilent Zybo 210279654192A"} -index 0' command is executed.
18:52:42 INFO  : Hardware design information is loaded from 'E:/ANN_project/ANN_project.sdk/ANN_SW_design_wrapper_hw_platform_0/system.hdf'.
18:52:42 INFO  : 'targets -set -filter {name =~"APU" && jtag_cable_name =~ "Digilent Zybo 210279654192A"} -index 0' command is executed.
18:52:43 INFO  : 'stop' command is executed.
18:52:54 ERROR : Cannot flush JTAG server queue. FT_Write failed: io error
18:52:54 INFO  : ----------------XSDB Script----------------
connect -url tcp:127.0.0.1:3121
source E:/ANN_project/ANN_project.sdk/ANN_SW_design_wrapper_hw_platform_0/ps7_init.tcl
targets -set -filter {name =~"APU" && jtag_cable_name =~ "Digilent Zybo 210279654192A"} -index 0
loadhw E:/ANN_project/ANN_project.sdk/ANN_SW_design_wrapper_hw_platform_0/system.hdf
targets -set -filter {name =~"APU" && jtag_cable_name =~ "Digilent Zybo 210279654192A"} -index 0
stop
ps7_init
----------------End of Script----------------

18:52:58 INFO  : 'targets -set -filter {jtag_cable_name =~ "Digilent Zybo 210279654192A" && level==0} -index 1' command is executed.
18:52:58 INFO  : 'fpga -state' command is executed.
18:53:04 INFO  : Connected to target on host '127.0.0.1' and port '3121'.
18:53:05 INFO  : 'targets -set -filter {jtag_cable_name =~ "Digilent Zybo 210279654192A" && level==0} -index 1' command is executed.
18:53:06 INFO  : FPGA configured successfully with bitstream "E:/ANN_project/ANN_project.sdk/ANN_SW_design_wrapper_hw_platform_0/ANN_SW_design_wrapper.bit"
18:53:14 INFO  : 'targets -set -filter {jtag_cable_name =~ "Digilent Zybo 210279654192A" && level==0} -index 1' command is executed.
18:53:14 INFO  : 'fpga -state' command is executed.
18:53:14 INFO  : Connected to target on host '127.0.0.1' and port '3121'.
18:53:14 INFO  : Sourcing of 'E:/ANN_project/ANN_project.sdk/ANN_SW_design_wrapper_hw_platform_0/ps7_init.tcl' is done.
18:53:15 INFO  : 'targets -set -filter {name =~"APU" && jtag_cable_name =~ "Digilent Zybo 210279654192A"} -index 0' command is executed.
18:53:15 INFO  : Hardware design information is loaded from 'E:/ANN_project/ANN_project.sdk/ANN_SW_design_wrapper_hw_platform_0/system.hdf'.
18:53:15 INFO  : 'targets -set -filter {name =~"APU" && jtag_cable_name =~ "Digilent Zybo 210279654192A"} -index 0' command is executed.
18:53:15 INFO  : 'stop' command is executed.
18:53:16 INFO  : 'ps7_init' command is executed.
18:53:16 INFO  : 'ps7_post_config' command is executed.
18:53:16 INFO  : 'con' command is executed.
18:53:16 INFO  : Context for processor 'ps7_cortexa9_0' is selected.
18:53:17 ERROR : unsupported reset
18:53:17 INFO  : ----------------XSDB Script----------------
connect -url tcp:127.0.0.1:3121
source E:/ANN_project/ANN_project.sdk/ANN_SW_design_wrapper_hw_platform_0/ps7_init.tcl
targets -set -filter {name =~"APU" && jtag_cable_name =~ "Digilent Zybo 210279654192A"} -index 0
loadhw E:/ANN_project/ANN_project.sdk/ANN_SW_design_wrapper_hw_platform_0/system.hdf
targets -set -filter {name =~"APU" && jtag_cable_name =~ "Digilent Zybo 210279654192A"} -index 0
stop
ps7_init
ps7_post_config
con
targets -set -nocase -filter {name =~ "ARM*#0" && jtag_cable_name =~ "Digilent Zybo 210279654192A"} -index 0
rst -processor
----------------End of Script----------------

18:53:39 INFO  : Connected to target on host '127.0.0.1' and port '3121'.
18:53:39 INFO  : 'targets -set -filter {jtag_cable_name =~ "Digilent Zybo 210279654192A" && level==0} -index 1' command is executed.
18:53:40 INFO  : FPGA configured successfully with bitstream "E:/ANN_project/ANN_project.sdk/ANN_SW_design_wrapper_hw_platform_0/ANN_SW_design_wrapper.bit"
18:53:50 INFO  : 'targets -set -filter {jtag_cable_name =~ "Digilent Zybo 210279654192A" && level==0} -index 1' command is executed.
18:53:50 INFO  : 'fpga -state' command is executed.
18:53:50 INFO  : Connected to target on host '127.0.0.1' and port '3121'.
18:53:50 INFO  : Sourcing of 'E:/ANN_project/ANN_project.sdk/ANN_SW_design_wrapper_hw_platform_0/ps7_init.tcl' is done.
18:53:51 INFO  : 'targets -set -filter {name =~"APU" && jtag_cable_name =~ "Digilent Zybo 210279654192A"} -index 0' command is executed.
18:53:51 INFO  : Hardware design information is loaded from 'E:/ANN_project/ANN_project.sdk/ANN_SW_design_wrapper_hw_platform_0/system.hdf'.
18:53:51 INFO  : 'targets -set -filter {name =~"APU" && jtag_cable_name =~ "Digilent Zybo 210279654192A"} -index 0' command is executed.
18:53:51 INFO  : 'stop' command is executed.
18:53:52 INFO  : 'ps7_init' command is executed.
18:53:52 INFO  : 'ps7_post_config' command is executed.
18:53:52 INFO  : 'con' command is executed.
18:53:52 INFO  : Context for processor 'ps7_cortexa9_0' is selected.
18:53:53 INFO  : Processor reset is completed for 'ps7_cortexa9_0'.
18:53:53 INFO  : Context for processor 'ps7_cortexa9_0' is selected.
18:53:53 INFO  : The application 'E:/ANN_project/ANN_project.sdk/ANN_SW_Heartbeats_Classifier_app/Debug/debug_ANN_SW_Heartbeats_Classifier_app.elf' is downloaded to processor 'ps7_cortexa9_0'.
18:53:53 INFO  : ----------------XSDB Script----------------
connect -url tcp:127.0.0.1:3121
source E:/ANN_project/ANN_project.sdk/ANN_SW_design_wrapper_hw_platform_0/ps7_init.tcl
targets -set -filter {name =~"APU" && jtag_cable_name =~ "Digilent Zybo 210279654192A"} -index 0
loadhw E:/ANN_project/ANN_project.sdk/ANN_SW_design_wrapper_hw_platform_0/system.hdf
targets -set -filter {name =~"APU" && jtag_cable_name =~ "Digilent Zybo 210279654192A"} -index 0
stop
ps7_init
ps7_post_config
con
targets -set -nocase -filter {name =~ "ARM*#0" && jtag_cable_name =~ "Digilent Zybo 210279654192A"} -index 0
rst -processor
targets -set -nocase -filter {name =~ "ARM*#0" && jtag_cable_name =~ "Digilent Zybo 210279654192A"} -index 0
dow E:/ANN_project/ANN_project.sdk/ANN_SW_Heartbeats_Classifier_app/Debug/debug_ANN_SW_Heartbeats_Classifier_app.elf
----------------End of Script----------------

18:53:53 INFO  : Memory regions updated for context APU
18:53:53 INFO  : Context for processor 'ps7_cortexa9_0' is selected.
18:53:54 INFO  : 'con' command is executed.
18:53:54 INFO  : ----------------XSDB Script (After Launch)----------------
targets -set -nocase -filter {name =~ "ARM*#0" && jtag_cable_name =~ "Digilent Zybo 210279654192A"} -index 0
con
----------------End of Script----------------

18:57:43 INFO  : Disconnected from the channel tcfchan#2.
18:57:43 INFO  : 'targets -set -filter {jtag_cable_name =~ "Digilent Zybo 210279654192A" && level==0} -index 1' command is executed.
18:57:44 INFO  : 'fpga -state' command is executed.
18:57:44 INFO  : Connected to target on host '127.0.0.1' and port '3121'.
18:57:44 INFO  : Sourcing of 'E:/ANN_project/ANN_project.sdk/ANN_SW_design_wrapper_hw_platform_0/ps7_init.tcl' is done.
18:57:44 INFO  : 'targets -set -filter {name =~"APU" && jtag_cable_name =~ "Digilent Zybo 210279654192A"} -index 0' command is executed.
18:57:44 INFO  : Hardware design information is loaded from 'E:/ANN_project/ANN_project.sdk/ANN_SW_design_wrapper_hw_platform_0/system.hdf'.
18:57:45 INFO  : 'targets -set -filter {name =~"APU" && jtag_cable_name =~ "Digilent Zybo 210279654192A"} -index 0' command is executed.
18:57:45 INFO  : 'stop' command is executed.
18:57:45 INFO  : 'ps7_init' command is executed.
18:57:45 INFO  : 'ps7_post_config' command is executed.
18:57:45 INFO  : 'con' command is executed.
18:57:46 INFO  : Context for processor 'ps7_cortexa9_0' is selected.
18:57:46 INFO  : Processor reset is completed for 'ps7_cortexa9_0'.
18:57:46 INFO  : Context for processor 'ps7_cortexa9_0' is selected.
18:57:47 INFO  : The application 'E:/ANN_project/ANN_project.sdk/ANN_SW_Heartbeats_Classifier_app/Debug/debug_ANN_SW_Heartbeats_Classifier_app.elf' is downloaded to processor 'ps7_cortexa9_0'.
18:57:47 INFO  : ----------------XSDB Script----------------
connect -url tcp:127.0.0.1:3121
source E:/ANN_project/ANN_project.sdk/ANN_SW_design_wrapper_hw_platform_0/ps7_init.tcl
targets -set -filter {name =~"APU" && jtag_cable_name =~ "Digilent Zybo 210279654192A"} -index 0
loadhw E:/ANN_project/ANN_project.sdk/ANN_SW_design_wrapper_hw_platform_0/system.hdf
targets -set -filter {name =~"APU" && jtag_cable_name =~ "Digilent Zybo 210279654192A"} -index 0
stop
ps7_init
ps7_post_config
con
targets -set -nocase -filter {name =~ "ARM*#0" && jtag_cable_name =~ "Digilent Zybo 210279654192A"} -index 0
rst -processor
targets -set -nocase -filter {name =~ "ARM*#0" && jtag_cable_name =~ "Digilent Zybo 210279654192A"} -index 0
dow E:/ANN_project/ANN_project.sdk/ANN_SW_Heartbeats_Classifier_app/Debug/debug_ANN_SW_Heartbeats_Classifier_app.elf
----------------End of Script----------------

18:57:47 INFO  : Memory regions updated for context APU
18:57:47 INFO  : Context for processor 'ps7_cortexa9_0' is selected.
18:57:47 INFO  : 'con' command is executed.
18:57:47 INFO  : ----------------XSDB Script (After Launch)----------------
targets -set -nocase -filter {name =~ "ARM*#0" && jtag_cable_name =~ "Digilent Zybo 210279654192A"} -index 0
con
----------------End of Script----------------

18:58:08 INFO  : Disconnected from the channel tcfchan#3.
18:58:08 INFO  : 'targets -set -filter {jtag_cable_name =~ "Digilent Zybo 210279654192A" && level==0} -index 1' command is executed.
18:58:08 INFO  : 'fpga -state' command is executed.
18:58:08 INFO  : Connected to target on host '127.0.0.1' and port '3121'.
18:58:09 INFO  : Sourcing of 'E:/ANN_project/ANN_project.sdk/ANN_SW_design_wrapper_hw_platform_0/ps7_init.tcl' is done.
18:58:09 INFO  : 'targets -set -filter {name =~"APU" && jtag_cable_name =~ "Digilent Zybo 210279654192A"} -index 0' command is executed.
18:58:09 INFO  : Hardware design information is loaded from 'E:/ANN_project/ANN_project.sdk/ANN_SW_design_wrapper_hw_platform_0/system.hdf'.
18:58:09 INFO  : 'targets -set -filter {name =~"APU" && jtag_cable_name =~ "Digilent Zybo 210279654192A"} -index 0' command is executed.
18:58:09 INFO  : 'stop' command is executed.
18:58:10 INFO  : 'ps7_init' command is executed.
18:58:10 INFO  : 'ps7_post_config' command is executed.
18:58:10 INFO  : 'con' command is executed.
18:58:10 INFO  : Context for processor 'ps7_cortexa9_0' is selected.
18:58:11 INFO  : Processor reset is completed for 'ps7_cortexa9_0'.
18:58:11 INFO  : Context for processor 'ps7_cortexa9_0' is selected.
18:58:11 INFO  : The application 'E:/ANN_project/ANN_project.sdk/ANN_SW_Heartbeats_Classifier_app/Debug/debug_ANN_SW_Heartbeats_Classifier_app.elf' is downloaded to processor 'ps7_cortexa9_0'.
18:58:11 INFO  : ----------------XSDB Script----------------
connect -url tcp:127.0.0.1:3121
source E:/ANN_project/ANN_project.sdk/ANN_SW_design_wrapper_hw_platform_0/ps7_init.tcl
targets -set -filter {name =~"APU" && jtag_cable_name =~ "Digilent Zybo 210279654192A"} -index 0
loadhw E:/ANN_project/ANN_project.sdk/ANN_SW_design_wrapper_hw_platform_0/system.hdf
targets -set -filter {name =~"APU" && jtag_cable_name =~ "Digilent Zybo 210279654192A"} -index 0
stop
ps7_init
ps7_post_config
con
targets -set -nocase -filter {name =~ "ARM*#0" && jtag_cable_name =~ "Digilent Zybo 210279654192A"} -index 0
rst -processor
targets -set -nocase -filter {name =~ "ARM*#0" && jtag_cable_name =~ "Digilent Zybo 210279654192A"} -index 0
dow E:/ANN_project/ANN_project.sdk/ANN_SW_Heartbeats_Classifier_app/Debug/debug_ANN_SW_Heartbeats_Classifier_app.elf
----------------End of Script----------------

18:58:11 INFO  : Memory regions updated for context APU
18:58:11 INFO  : Context for processor 'ps7_cortexa9_0' is selected.
18:58:12 INFO  : 'con' command is executed.
18:58:12 INFO  : ----------------XSDB Script (After Launch)----------------
targets -set -nocase -filter {name =~ "ARM*#0" && jtag_cable_name =~ "Digilent Zybo 210279654192A"} -index 0
con
----------------End of Script----------------

19:19:09 INFO  : Disconnected from the channel tcfchan#4.
19:19:09 INFO  : 'targets -set -filter {jtag_cable_name =~ "Digilent Zybo 210279654192A" && level==0} -index 1' command is executed.
19:19:10 INFO  : 'fpga -state' command is executed.
19:19:10 INFO  : Connected to target on host '127.0.0.1' and port '3121'.
19:19:10 INFO  : Sourcing of 'E:/ANN_project/ANN_project.sdk/ANN_SW_design_wrapper_hw_platform_0/ps7_init.tcl' is done.
19:19:10 INFO  : 'targets -set -filter {name =~"APU" && jtag_cable_name =~ "Digilent Zybo 210279654192A"} -index 0' command is executed.
19:19:10 INFO  : Hardware design information is loaded from 'E:/ANN_project/ANN_project.sdk/ANN_SW_design_wrapper_hw_platform_0/system.hdf'.
19:19:11 INFO  : 'targets -set -filter {name =~"APU" && jtag_cable_name =~ "Digilent Zybo 210279654192A"} -index 0' command is executed.
19:19:11 INFO  : 'stop' command is executed.
19:19:12 INFO  : 'ps7_init' command is executed.
19:19:12 INFO  : 'ps7_post_config' command is executed.
19:19:12 INFO  : 'con' command is executed.
19:19:12 INFO  : Context for processor 'ps7_cortexa9_0' is selected.
19:19:12 INFO  : Processor reset is completed for 'ps7_cortexa9_0'.
19:19:13 INFO  : Context for processor 'ps7_cortexa9_0' is selected.
19:19:13 INFO  : The application 'E:/ANN_project/ANN_project.sdk/ANN_SW_Heartbeats_Classifier_app/Debug/debug_ANN_SW_Heartbeats_Classifier_app.elf' is downloaded to processor 'ps7_cortexa9_0'.
19:19:13 INFO  : ----------------XSDB Script----------------
connect -url tcp:127.0.0.1:3121
source E:/ANN_project/ANN_project.sdk/ANN_SW_design_wrapper_hw_platform_0/ps7_init.tcl
targets -set -filter {name =~"APU" && jtag_cable_name =~ "Digilent Zybo 210279654192A"} -index 0
loadhw E:/ANN_project/ANN_project.sdk/ANN_SW_design_wrapper_hw_platform_0/system.hdf
targets -set -filter {name =~"APU" && jtag_cable_name =~ "Digilent Zybo 210279654192A"} -index 0
stop
ps7_init
ps7_post_config
con
targets -set -nocase -filter {name =~ "ARM*#0" && jtag_cable_name =~ "Digilent Zybo 210279654192A"} -index 0
rst -processor
targets -set -nocase -filter {name =~ "ARM*#0" && jtag_cable_name =~ "Digilent Zybo 210279654192A"} -index 0
dow E:/ANN_project/ANN_project.sdk/ANN_SW_Heartbeats_Classifier_app/Debug/debug_ANN_SW_Heartbeats_Classifier_app.elf
----------------End of Script----------------

19:19:13 INFO  : Memory regions updated for context APU
19:19:13 INFO  : Context for processor 'ps7_cortexa9_0' is selected.
19:19:14 INFO  : 'con' command is executed.
19:19:14 INFO  : ----------------XSDB Script (After Launch)----------------
targets -set -nocase -filter {name =~ "ARM*#0" && jtag_cable_name =~ "Digilent Zybo 210279654192A"} -index 0
con
----------------End of Script----------------

19:20:01 INFO  : Disconnected from the channel tcfchan#5.
19:20:01 INFO  : 'targets -set -filter {jtag_cable_name =~ "Digilent Zybo 210279654192A" && level==0} -index 1' command is executed.
19:20:02 INFO  : 'fpga -state' command is executed.
19:20:02 INFO  : Connected to target on host '127.0.0.1' and port '3121'.
19:20:02 INFO  : Sourcing of 'E:/ANN_project/ANN_project.sdk/ANN_SW_design_wrapper_hw_platform_0/ps7_init.tcl' is done.
19:20:02 INFO  : 'targets -set -filter {name =~"APU" && jtag_cable_name =~ "Digilent Zybo 210279654192A"} -index 0' command is executed.
19:20:02 INFO  : Hardware design information is loaded from 'E:/ANN_project/ANN_project.sdk/ANN_SW_design_wrapper_hw_platform_0/system.hdf'.
19:20:03 INFO  : 'targets -set -filter {name =~"APU" && jtag_cable_name =~ "Digilent Zybo 210279654192A"} -index 0' command is executed.
19:20:03 INFO  : 'stop' command is executed.
19:20:03 INFO  : 'ps7_init' command is executed.
19:20:03 INFO  : 'ps7_post_config' command is executed.
19:20:03 INFO  : 'con' command is executed.
19:20:04 INFO  : Context for processor 'ps7_cortexa9_0' is selected.
19:20:04 INFO  : Processor reset is completed for 'ps7_cortexa9_0'.
19:20:04 INFO  : Context for processor 'ps7_cortexa9_0' is selected.
19:20:04 INFO  : The application 'E:/ANN_project/ANN_project.sdk/ANN_SW_Heartbeats_Classifier_app/Debug/debug_ANN_SW_Heartbeats_Classifier_app.elf' is downloaded to processor 'ps7_cortexa9_0'.
19:20:04 INFO  : ----------------XSDB Script----------------
connect -url tcp:127.0.0.1:3121
source E:/ANN_project/ANN_project.sdk/ANN_SW_design_wrapper_hw_platform_0/ps7_init.tcl
targets -set -filter {name =~"APU" && jtag_cable_name =~ "Digilent Zybo 210279654192A"} -index 0
loadhw E:/ANN_project/ANN_project.sdk/ANN_SW_design_wrapper_hw_platform_0/system.hdf
targets -set -filter {name =~"APU" && jtag_cable_name =~ "Digilent Zybo 210279654192A"} -index 0
stop
ps7_init
ps7_post_config
con
targets -set -nocase -filter {name =~ "ARM*#0" && jtag_cable_name =~ "Digilent Zybo 210279654192A"} -index 0
rst -processor
targets -set -nocase -filter {name =~ "ARM*#0" && jtag_cable_name =~ "Digilent Zybo 210279654192A"} -index 0
dow E:/ANN_project/ANN_project.sdk/ANN_SW_Heartbeats_Classifier_app/Debug/debug_ANN_SW_Heartbeats_Classifier_app.elf
----------------End of Script----------------

19:20:05 INFO  : Memory regions updated for context APU
19:20:05 INFO  : Context for processor 'ps7_cortexa9_0' is selected.
19:20:05 INFO  : 'con' command is executed.
19:20:05 INFO  : ----------------XSDB Script (After Launch)----------------
targets -set -nocase -filter {name =~ "ARM*#0" && jtag_cable_name =~ "Digilent Zybo 210279654192A"} -index 0
con
----------------End of Script----------------

19:22:00 INFO  : Disconnected from the channel tcfchan#6.
19:22:01 INFO  : 'targets -set -filter {jtag_cable_name =~ "Digilent Zybo 210279654192A" && level==0} -index 1' command is executed.
19:22:01 INFO  : 'fpga -state' command is executed.
19:22:01 INFO  : Connected to target on host '127.0.0.1' and port '3121'.
19:22:01 INFO  : Sourcing of 'E:/ANN_project/ANN_project.sdk/ANN_SW_design_wrapper_hw_platform_0/ps7_init.tcl' is done.
19:22:02 INFO  : 'targets -set -filter {name =~"APU" && jtag_cable_name =~ "Digilent Zybo 210279654192A"} -index 0' command is executed.
19:22:02 INFO  : Hardware design information is loaded from 'E:/ANN_project/ANN_project.sdk/ANN_SW_design_wrapper_hw_platform_0/system.hdf'.
19:22:02 INFO  : 'targets -set -filter {name =~"APU" && jtag_cable_name =~ "Digilent Zybo 210279654192A"} -index 0' command is executed.
19:22:02 INFO  : 'stop' command is executed.
19:22:03 INFO  : 'ps7_init' command is executed.
19:22:03 INFO  : 'ps7_post_config' command is executed.
19:22:03 INFO  : 'con' command is executed.
19:22:03 INFO  : Context for processor 'ps7_cortexa9_0' is selected.
19:22:03 INFO  : Processor reset is completed for 'ps7_cortexa9_0'.
19:22:03 INFO  : Context for processor 'ps7_cortexa9_0' is selected.
19:22:04 INFO  : The application 'E:/ANN_project/ANN_project.sdk/ANN_SW_Heartbeats_Classifier_app/Debug/debug_ANN_SW_Heartbeats_Classifier_app.elf' is downloaded to processor 'ps7_cortexa9_0'.
19:22:04 INFO  : ----------------XSDB Script----------------
connect -url tcp:127.0.0.1:3121
source E:/ANN_project/ANN_project.sdk/ANN_SW_design_wrapper_hw_platform_0/ps7_init.tcl
targets -set -filter {name =~"APU" && jtag_cable_name =~ "Digilent Zybo 210279654192A"} -index 0
loadhw E:/ANN_project/ANN_project.sdk/ANN_SW_design_wrapper_hw_platform_0/system.hdf
targets -set -filter {name =~"APU" && jtag_cable_name =~ "Digilent Zybo 210279654192A"} -index 0
stop
ps7_init
ps7_post_config
con
targets -set -nocase -filter {name =~ "ARM*#0" && jtag_cable_name =~ "Digilent Zybo 210279654192A"} -index 0
rst -processor
targets -set -nocase -filter {name =~ "ARM*#0" && jtag_cable_name =~ "Digilent Zybo 210279654192A"} -index 0
dow E:/ANN_project/ANN_project.sdk/ANN_SW_Heartbeats_Classifier_app/Debug/debug_ANN_SW_Heartbeats_Classifier_app.elf
----------------End of Script----------------

19:22:04 INFO  : Memory regions updated for context APU
19:22:04 INFO  : Context for processor 'ps7_cortexa9_0' is selected.
19:22:04 INFO  : 'con' command is executed.
19:22:04 INFO  : ----------------XSDB Script (After Launch)----------------
targets -set -nocase -filter {name =~ "ARM*#0" && jtag_cable_name =~ "Digilent Zybo 210279654192A"} -index 0
con
----------------End of Script----------------

19:22:59 INFO  : Disconnected from the channel tcfchan#7.
19:22:59 INFO  : 'targets -set -filter {jtag_cable_name =~ "Digilent Zybo 210279654192A" && level==0} -index 1' command is executed.
19:23:00 INFO  : 'fpga -state' command is executed.
19:23:00 INFO  : Connected to target on host '127.0.0.1' and port '3121'.
19:23:00 INFO  : Sourcing of 'E:/ANN_project/ANN_project.sdk/ANN_SW_design_wrapper_hw_platform_0/ps7_init.tcl' is done.
19:23:00 INFO  : 'targets -set -filter {name =~"APU" && jtag_cable_name =~ "Digilent Zybo 210279654192A"} -index 0' command is executed.
19:23:00 INFO  : Hardware design information is loaded from 'E:/ANN_project/ANN_project.sdk/ANN_SW_design_wrapper_hw_platform_0/system.hdf'.
19:23:01 INFO  : 'targets -set -filter {name =~"APU" && jtag_cable_name =~ "Digilent Zybo 210279654192A"} -index 0' command is executed.
19:23:01 INFO  : 'stop' command is executed.
19:23:01 INFO  : 'ps7_init' command is executed.
19:23:01 INFO  : 'ps7_post_config' command is executed.
19:23:01 INFO  : 'con' command is executed.
19:23:02 INFO  : Context for processor 'ps7_cortexa9_0' is selected.
19:23:02 INFO  : Processor reset is completed for 'ps7_cortexa9_0'.
19:23:02 INFO  : Context for processor 'ps7_cortexa9_0' is selected.
19:23:02 INFO  : The application 'E:/ANN_project/ANN_project.sdk/ANN_SW_Heartbeats_Classifier_app/Debug/debug_ANN_SW_Heartbeats_Classifier_app.elf' is downloaded to processor 'ps7_cortexa9_0'.
19:23:02 INFO  : ----------------XSDB Script----------------
connect -url tcp:127.0.0.1:3121
source E:/ANN_project/ANN_project.sdk/ANN_SW_design_wrapper_hw_platform_0/ps7_init.tcl
targets -set -filter {name =~"APU" && jtag_cable_name =~ "Digilent Zybo 210279654192A"} -index 0
loadhw E:/ANN_project/ANN_project.sdk/ANN_SW_design_wrapper_hw_platform_0/system.hdf
targets -set -filter {name =~"APU" && jtag_cable_name =~ "Digilent Zybo 210279654192A"} -index 0
stop
ps7_init
ps7_post_config
con
targets -set -nocase -filter {name =~ "ARM*#0" && jtag_cable_name =~ "Digilent Zybo 210279654192A"} -index 0
rst -processor
targets -set -nocase -filter {name =~ "ARM*#0" && jtag_cable_name =~ "Digilent Zybo 210279654192A"} -index 0
dow E:/ANN_project/ANN_project.sdk/ANN_SW_Heartbeats_Classifier_app/Debug/debug_ANN_SW_Heartbeats_Classifier_app.elf
----------------End of Script----------------

19:23:03 INFO  : Memory regions updated for context APU
19:23:03 INFO  : Context for processor 'ps7_cortexa9_0' is selected.
19:23:03 INFO  : 'con' command is executed.
19:23:03 INFO  : ----------------XSDB Script (After Launch)----------------
targets -set -nocase -filter {name =~ "ARM*#0" && jtag_cable_name =~ "Digilent Zybo 210279654192A"} -index 0
con
----------------End of Script----------------

19:31:00 INFO  : Disconnected from the channel tcfchan#8.
19:31:00 INFO  : 'targets -set -filter {jtag_cable_name =~ "Digilent Zybo 210279654192A" && level==0} -index 1' command is executed.
19:31:00 INFO  : 'fpga -state' command is executed.
19:31:00 INFO  : Connected to target on host '127.0.0.1' and port '3121'.
19:31:01 INFO  : Sourcing of 'E:/ANN_project/ANN_project.sdk/ANN_SW_design_wrapper_hw_platform_0/ps7_init.tcl' is done.
19:31:01 INFO  : 'targets -set -filter {name =~"APU" && jtag_cable_name =~ "Digilent Zybo 210279654192A"} -index 0' command is executed.
19:31:01 INFO  : Hardware design information is loaded from 'E:/ANN_project/ANN_project.sdk/ANN_SW_design_wrapper_hw_platform_0/system.hdf'.
19:31:01 INFO  : 'targets -set -filter {name =~"APU" && jtag_cable_name =~ "Digilent Zybo 210279654192A"} -index 0' command is executed.
19:31:01 INFO  : 'stop' command is executed.
19:31:02 INFO  : 'ps7_init' command is executed.
19:31:02 INFO  : 'ps7_post_config' command is executed.
19:31:03 INFO  : 'con' command is executed.
19:31:03 INFO  : Context for processor 'ps7_cortexa9_0' is selected.
19:31:03 INFO  : Processor reset is completed for 'ps7_cortexa9_0'.
19:31:03 INFO  : Context for processor 'ps7_cortexa9_0' is selected.
19:31:04 INFO  : The application 'E:/ANN_project/ANN_project.sdk/ANN_SW_Heartbeats_Classifier_app/Debug/debug_ANN_SW_Heartbeats_Classifier_app.elf' is downloaded to processor 'ps7_cortexa9_0'.
19:31:04 INFO  : ----------------XSDB Script----------------
connect -url tcp:127.0.0.1:3121
source E:/ANN_project/ANN_project.sdk/ANN_SW_design_wrapper_hw_platform_0/ps7_init.tcl
targets -set -filter {name =~"APU" && jtag_cable_name =~ "Digilent Zybo 210279654192A"} -index 0
loadhw E:/ANN_project/ANN_project.sdk/ANN_SW_design_wrapper_hw_platform_0/system.hdf
targets -set -filter {name =~"APU" && jtag_cable_name =~ "Digilent Zybo 210279654192A"} -index 0
stop
ps7_init
ps7_post_config
con
targets -set -nocase -filter {name =~ "ARM*#0" && jtag_cable_name =~ "Digilent Zybo 210279654192A"} -index 0
rst -processor
targets -set -nocase -filter {name =~ "ARM*#0" && jtag_cable_name =~ "Digilent Zybo 210279654192A"} -index 0
dow E:/ANN_project/ANN_project.sdk/ANN_SW_Heartbeats_Classifier_app/Debug/debug_ANN_SW_Heartbeats_Classifier_app.elf
----------------End of Script----------------

19:31:04 INFO  : Memory regions updated for context APU
19:31:04 INFO  : Context for processor 'ps7_cortexa9_0' is selected.
19:31:04 INFO  : 'con' command is executed.
19:31:04 INFO  : ----------------XSDB Script (After Launch)----------------
targets -set -nocase -filter {name =~ "ARM*#0" && jtag_cable_name =~ "Digilent Zybo 210279654192A"} -index 0
con
----------------End of Script----------------

19:33:01 INFO  : Disconnected from the channel tcfchan#9.
19:33:01 INFO  : 'targets -set -filter {jtag_cable_name =~ "Digilent Zybo 210279654192A" && level==0} -index 1' command is executed.
19:33:01 INFO  : 'fpga -state' command is executed.
19:33:01 INFO  : Connected to target on host '127.0.0.1' and port '3121'.
19:33:01 INFO  : Sourcing of 'E:/ANN_project/ANN_project.sdk/ANN_SW_design_wrapper_hw_platform_0/ps7_init.tcl' is done.
19:33:02 INFO  : 'targets -set -filter {name =~"APU" && jtag_cable_name =~ "Digilent Zybo 210279654192A"} -index 0' command is executed.
19:33:02 INFO  : Hardware design information is loaded from 'E:/ANN_project/ANN_project.sdk/ANN_SW_design_wrapper_hw_platform_0/system.hdf'.
19:33:02 INFO  : 'targets -set -filter {name =~"APU" && jtag_cable_name =~ "Digilent Zybo 210279654192A"} -index 0' command is executed.
19:33:02 INFO  : 'stop' command is executed.
19:33:03 INFO  : 'ps7_init' command is executed.
19:33:03 INFO  : 'ps7_post_config' command is executed.
19:33:03 INFO  : 'con' command is executed.
19:33:03 INFO  : Context for processor 'ps7_cortexa9_0' is selected.
19:33:04 INFO  : Processor reset is completed for 'ps7_cortexa9_0'.
19:33:04 INFO  : Context for processor 'ps7_cortexa9_0' is selected.
19:33:04 INFO  : The application 'E:/ANN_project/ANN_project.sdk/ANN_SW_Heartbeats_Classifier_app/Debug/debug_ANN_SW_Heartbeats_Classifier_app.elf' is downloaded to processor 'ps7_cortexa9_0'.
19:33:04 INFO  : ----------------XSDB Script----------------
connect -url tcp:127.0.0.1:3121
source E:/ANN_project/ANN_project.sdk/ANN_SW_design_wrapper_hw_platform_0/ps7_init.tcl
targets -set -filter {name =~"APU" && jtag_cable_name =~ "Digilent Zybo 210279654192A"} -index 0
loadhw E:/ANN_project/ANN_project.sdk/ANN_SW_design_wrapper_hw_platform_0/system.hdf
targets -set -filter {name =~"APU" && jtag_cable_name =~ "Digilent Zybo 210279654192A"} -index 0
stop
ps7_init
ps7_post_config
con
targets -set -nocase -filter {name =~ "ARM*#0" && jtag_cable_name =~ "Digilent Zybo 210279654192A"} -index 0
rst -processor
targets -set -nocase -filter {name =~ "ARM*#0" && jtag_cable_name =~ "Digilent Zybo 210279654192A"} -index 0
dow E:/ANN_project/ANN_project.sdk/ANN_SW_Heartbeats_Classifier_app/Debug/debug_ANN_SW_Heartbeats_Classifier_app.elf
----------------End of Script----------------

19:33:04 INFO  : Memory regions updated for context APU
19:33:04 INFO  : Context for processor 'ps7_cortexa9_0' is selected.
19:33:04 INFO  : 'con' command is executed.
19:33:04 INFO  : ----------------XSDB Script (After Launch)----------------
targets -set -nocase -filter {name =~ "ARM*#0" && jtag_cable_name =~ "Digilent Zybo 210279654192A"} -index 0
con
----------------End of Script----------------

19:33:18 INFO  : Disconnected from the channel tcfchan#10.
19:33:18 INFO  : 'targets -set -filter {jtag_cable_name =~ "Digilent Zybo 210279654192A" && level==0} -index 1' command is executed.
19:33:19 INFO  : 'fpga -state' command is executed.
19:33:19 INFO  : Connected to target on host '127.0.0.1' and port '3121'.
19:33:19 INFO  : Sourcing of 'E:/ANN_project/ANN_project.sdk/ANN_SW_design_wrapper_hw_platform_0/ps7_init.tcl' is done.
19:33:19 INFO  : 'targets -set -filter {name =~"APU" && jtag_cable_name =~ "Digilent Zybo 210279654192A"} -index 0' command is executed.
19:33:19 INFO  : Hardware design information is loaded from 'E:/ANN_project/ANN_project.sdk/ANN_SW_design_wrapper_hw_platform_0/system.hdf'.
19:33:20 INFO  : 'targets -set -filter {name =~"APU" && jtag_cable_name =~ "Digilent Zybo 210279654192A"} -index 0' command is executed.
19:33:20 INFO  : 'stop' command is executed.
19:33:20 INFO  : 'ps7_init' command is executed.
19:33:20 INFO  : 'ps7_post_config' command is executed.
19:33:20 INFO  : 'con' command is executed.
19:33:21 INFO  : Context for processor 'ps7_cortexa9_0' is selected.
19:33:21 INFO  : Processor reset is completed for 'ps7_cortexa9_0'.
19:33:21 INFO  : Context for processor 'ps7_cortexa9_0' is selected.
19:33:21 INFO  : The application 'E:/ANN_project/ANN_project.sdk/ANN_SW_Heartbeats_Classifier_app/Debug/debug_ANN_SW_Heartbeats_Classifier_app.elf' is downloaded to processor 'ps7_cortexa9_0'.
19:33:21 INFO  : ----------------XSDB Script----------------
connect -url tcp:127.0.0.1:3121
source E:/ANN_project/ANN_project.sdk/ANN_SW_design_wrapper_hw_platform_0/ps7_init.tcl
targets -set -filter {name =~"APU" && jtag_cable_name =~ "Digilent Zybo 210279654192A"} -index 0
loadhw E:/ANN_project/ANN_project.sdk/ANN_SW_design_wrapper_hw_platform_0/system.hdf
targets -set -filter {name =~"APU" && jtag_cable_name =~ "Digilent Zybo 210279654192A"} -index 0
stop
ps7_init
ps7_post_config
con
targets -set -nocase -filter {name =~ "ARM*#0" && jtag_cable_name =~ "Digilent Zybo 210279654192A"} -index 0
rst -processor
targets -set -nocase -filter {name =~ "ARM*#0" && jtag_cable_name =~ "Digilent Zybo 210279654192A"} -index 0
dow E:/ANN_project/ANN_project.sdk/ANN_SW_Heartbeats_Classifier_app/Debug/debug_ANN_SW_Heartbeats_Classifier_app.elf
----------------End of Script----------------

19:33:21 INFO  : Memory regions updated for context APU
19:33:22 INFO  : Context for processor 'ps7_cortexa9_0' is selected.
19:33:22 INFO  : 'con' command is executed.
19:33:22 INFO  : ----------------XSDB Script (After Launch)----------------
targets -set -nocase -filter {name =~ "ARM*#0" && jtag_cable_name =~ "Digilent Zybo 210279654192A"} -index 0
con
----------------End of Script----------------

19:33:57 INFO  : Disconnected from the channel tcfchan#11.
19:33:57 INFO  : 'targets -set -filter {jtag_cable_name =~ "Digilent Zybo 210279654192A" && level==0} -index 1' command is executed.
19:33:57 INFO  : 'fpga -state' command is executed.
19:33:58 INFO  : Connected to target on host '127.0.0.1' and port '3121'.
19:33:58 INFO  : Sourcing of 'E:/ANN_project/ANN_project.sdk/ANN_SW_design_wrapper_hw_platform_0/ps7_init.tcl' is done.
19:33:58 INFO  : 'targets -set -filter {name =~"APU" && jtag_cable_name =~ "Digilent Zybo 210279654192A"} -index 0' command is executed.
19:33:58 INFO  : Hardware design information is loaded from 'E:/ANN_project/ANN_project.sdk/ANN_SW_design_wrapper_hw_platform_0/system.hdf'.
19:33:59 INFO  : 'targets -set -filter {name =~"APU" && jtag_cable_name =~ "Digilent Zybo 210279654192A"} -index 0' command is executed.
19:33:59 INFO  : 'stop' command is executed.
19:33:59 INFO  : 'ps7_init' command is executed.
19:33:59 INFO  : 'ps7_post_config' command is executed.
19:33:59 INFO  : 'con' command is executed.
19:34:00 INFO  : Context for processor 'ps7_cortexa9_0' is selected.
19:34:00 INFO  : Processor reset is completed for 'ps7_cortexa9_0'.
19:34:00 INFO  : Context for processor 'ps7_cortexa9_0' is selected.
19:34:01 INFO  : The application 'E:/ANN_project/ANN_project.sdk/ANN_SW_Heartbeats_Classifier_app/Debug/debug_ANN_SW_Heartbeats_Classifier_app.elf' is downloaded to processor 'ps7_cortexa9_0'.
19:34:01 INFO  : ----------------XSDB Script----------------
connect -url tcp:127.0.0.1:3121
source E:/ANN_project/ANN_project.sdk/ANN_SW_design_wrapper_hw_platform_0/ps7_init.tcl
targets -set -filter {name =~"APU" && jtag_cable_name =~ "Digilent Zybo 210279654192A"} -index 0
loadhw E:/ANN_project/ANN_project.sdk/ANN_SW_design_wrapper_hw_platform_0/system.hdf
targets -set -filter {name =~"APU" && jtag_cable_name =~ "Digilent Zybo 210279654192A"} -index 0
stop
ps7_init
ps7_post_config
con
targets -set -nocase -filter {name =~ "ARM*#0" && jtag_cable_name =~ "Digilent Zybo 210279654192A"} -index 0
rst -processor
targets -set -nocase -filter {name =~ "ARM*#0" && jtag_cable_name =~ "Digilent Zybo 210279654192A"} -index 0
dow E:/ANN_project/ANN_project.sdk/ANN_SW_Heartbeats_Classifier_app/Debug/debug_ANN_SW_Heartbeats_Classifier_app.elf
----------------End of Script----------------

19:34:01 INFO  : Memory regions updated for context APU
19:34:01 INFO  : Context for processor 'ps7_cortexa9_0' is selected.
19:34:01 INFO  : 'con' command is executed.
19:34:01 INFO  : ----------------XSDB Script (After Launch)----------------
targets -set -nocase -filter {name =~ "ARM*#0" && jtag_cable_name =~ "Digilent Zybo 210279654192A"} -index 0
con
----------------End of Script----------------

19:34:15 INFO  : Disconnected from the channel tcfchan#12.
19:34:16 INFO  : 'targets -set -filter {jtag_cable_name =~ "Digilent Zybo 210279654192A" && level==0} -index 1' command is executed.
19:34:16 INFO  : 'fpga -state' command is executed.
19:34:16 INFO  : Connected to target on host '127.0.0.1' and port '3121'.
19:34:16 INFO  : Sourcing of 'E:/ANN_project/ANN_project.sdk/ANN_SW_design_wrapper_hw_platform_0/ps7_init.tcl' is done.
19:34:16 INFO  : 'targets -set -filter {name =~"APU" && jtag_cable_name =~ "Digilent Zybo 210279654192A"} -index 0' command is executed.
19:34:17 INFO  : Hardware design information is loaded from 'E:/ANN_project/ANN_project.sdk/ANN_SW_design_wrapper_hw_platform_0/system.hdf'.
19:34:17 INFO  : 'targets -set -filter {name =~"APU" && jtag_cable_name =~ "Digilent Zybo 210279654192A"} -index 0' command is executed.
19:34:17 INFO  : 'stop' command is executed.
19:34:18 INFO  : 'ps7_init' command is executed.
19:34:18 INFO  : 'ps7_post_config' command is executed.
19:34:18 INFO  : 'con' command is executed.
19:34:18 INFO  : Context for processor 'ps7_cortexa9_0' is selected.
19:34:18 INFO  : Processor reset is completed for 'ps7_cortexa9_0'.
19:34:19 INFO  : Context for processor 'ps7_cortexa9_0' is selected.
19:34:19 INFO  : The application 'E:/ANN_project/ANN_project.sdk/ANN_SW_Heartbeats_Classifier_app/Debug/debug_ANN_SW_Heartbeats_Classifier_app.elf' is downloaded to processor 'ps7_cortexa9_0'.
19:34:19 INFO  : ----------------XSDB Script----------------
connect -url tcp:127.0.0.1:3121
source E:/ANN_project/ANN_project.sdk/ANN_SW_design_wrapper_hw_platform_0/ps7_init.tcl
targets -set -filter {name =~"APU" && jtag_cable_name =~ "Digilent Zybo 210279654192A"} -index 0
loadhw E:/ANN_project/ANN_project.sdk/ANN_SW_design_wrapper_hw_platform_0/system.hdf
targets -set -filter {name =~"APU" && jtag_cable_name =~ "Digilent Zybo 210279654192A"} -index 0
stop
ps7_init
ps7_post_config
con
targets -set -nocase -filter {name =~ "ARM*#0" && jtag_cable_name =~ "Digilent Zybo 210279654192A"} -index 0
rst -processor
targets -set -nocase -filter {name =~ "ARM*#0" && jtag_cable_name =~ "Digilent Zybo 210279654192A"} -index 0
dow E:/ANN_project/ANN_project.sdk/ANN_SW_Heartbeats_Classifier_app/Debug/debug_ANN_SW_Heartbeats_Classifier_app.elf
----------------End of Script----------------

19:34:19 INFO  : Memory regions updated for context APU
19:34:19 INFO  : Context for processor 'ps7_cortexa9_0' is selected.
19:34:19 INFO  : 'con' command is executed.
19:34:19 INFO  : ----------------XSDB Script (After Launch)----------------
targets -set -nocase -filter {name =~ "ARM*#0" && jtag_cable_name =~ "Digilent Zybo 210279654192A"} -index 0
con
----------------End of Script----------------

19:34:47 INFO  : Disconnected from the channel tcfchan#13.
19:34:48 INFO  : 'targets -set -filter {jtag_cable_name =~ "Digilent Zybo 210279654192A" && level==0} -index 1' command is executed.
19:34:48 INFO  : 'fpga -state' command is executed.
19:34:48 INFO  : Connected to target on host '127.0.0.1' and port '3121'.
19:34:48 INFO  : Sourcing of 'E:/ANN_project/ANN_project.sdk/ANN_SW_design_wrapper_hw_platform_0/ps7_init.tcl' is done.
19:34:48 INFO  : 'targets -set -filter {name =~"APU" && jtag_cable_name =~ "Digilent Zybo 210279654192A"} -index 0' command is executed.
19:34:48 INFO  : Hardware design information is loaded from 'E:/ANN_project/ANN_project.sdk/ANN_SW_design_wrapper_hw_platform_0/system.hdf'.
19:34:49 INFO  : 'targets -set -filter {name =~"APU" && jtag_cable_name =~ "Digilent Zybo 210279654192A"} -index 0' command is executed.
19:34:49 INFO  : 'stop' command is executed.
19:34:50 INFO  : 'ps7_init' command is executed.
19:34:50 INFO  : 'ps7_post_config' command is executed.
19:34:50 INFO  : 'con' command is executed.
19:34:50 INFO  : Context for processor 'ps7_cortexa9_0' is selected.
19:34:50 INFO  : Processor reset is completed for 'ps7_cortexa9_0'.
19:34:50 INFO  : Context for processor 'ps7_cortexa9_0' is selected.
19:34:51 INFO  : The application 'E:/ANN_project/ANN_project.sdk/ANN_SW_Heartbeats_Classifier_app/Debug/debug_ANN_SW_Heartbeats_Classifier_app.elf' is downloaded to processor 'ps7_cortexa9_0'.
19:34:51 INFO  : ----------------XSDB Script----------------
connect -url tcp:127.0.0.1:3121
source E:/ANN_project/ANN_project.sdk/ANN_SW_design_wrapper_hw_platform_0/ps7_init.tcl
targets -set -filter {name =~"APU" && jtag_cable_name =~ "Digilent Zybo 210279654192A"} -index 0
loadhw E:/ANN_project/ANN_project.sdk/ANN_SW_design_wrapper_hw_platform_0/system.hdf
targets -set -filter {name =~"APU" && jtag_cable_name =~ "Digilent Zybo 210279654192A"} -index 0
stop
ps7_init
ps7_post_config
con
targets -set -nocase -filter {name =~ "ARM*#0" && jtag_cable_name =~ "Digilent Zybo 210279654192A"} -index 0
rst -processor
targets -set -nocase -filter {name =~ "ARM*#0" && jtag_cable_name =~ "Digilent Zybo 210279654192A"} -index 0
dow E:/ANN_project/ANN_project.sdk/ANN_SW_Heartbeats_Classifier_app/Debug/debug_ANN_SW_Heartbeats_Classifier_app.elf
----------------End of Script----------------

19:34:51 INFO  : Memory regions updated for context APU
19:34:51 INFO  : Context for processor 'ps7_cortexa9_0' is selected.
19:34:51 INFO  : 'con' command is executed.
19:34:51 INFO  : ----------------XSDB Script (After Launch)----------------
targets -set -nocase -filter {name =~ "ARM*#0" && jtag_cable_name =~ "Digilent Zybo 210279654192A"} -index 0
con
----------------End of Script----------------

19:38:36 INFO  : Disconnected from the channel tcfchan#14.
19:38:36 INFO  : 'targets -set -filter {jtag_cable_name =~ "Digilent Zybo 210279654192A" && level==0} -index 1' command is executed.
19:38:36 INFO  : 'fpga -state' command is executed.
19:38:36 INFO  : Connected to target on host '127.0.0.1' and port '3121'.
19:38:36 INFO  : Sourcing of 'E:/ANN_project/ANN_project.sdk/ANN_SW_design_wrapper_hw_platform_0/ps7_init.tcl' is done.
19:38:37 INFO  : 'targets -set -filter {name =~"APU" && jtag_cable_name =~ "Digilent Zybo 210279654192A"} -index 0' command is executed.
19:38:37 INFO  : Hardware design information is loaded from 'E:/ANN_project/ANN_project.sdk/ANN_SW_design_wrapper_hw_platform_0/system.hdf'.
19:38:37 INFO  : 'targets -set -filter {name =~"APU" && jtag_cable_name =~ "Digilent Zybo 210279654192A"} -index 0' command is executed.
19:38:37 INFO  : 'stop' command is executed.
19:38:38 INFO  : 'ps7_init' command is executed.
19:38:38 INFO  : 'ps7_post_config' command is executed.
19:38:38 INFO  : 'con' command is executed.
19:38:39 INFO  : Context for processor 'ps7_cortexa9_0' is selected.
19:38:39 INFO  : Processor reset is completed for 'ps7_cortexa9_0'.
19:38:39 INFO  : Context for processor 'ps7_cortexa9_0' is selected.
19:38:40 INFO  : The application 'E:/ANN_project/ANN_project.sdk/ANN_SW_Heartbeats_Classifier_app/Debug/debug_ANN_SW_Heartbeats_Classifier_app.elf' is downloaded to processor 'ps7_cortexa9_0'.
19:38:40 INFO  : ----------------XSDB Script----------------
connect -url tcp:127.0.0.1:3121
source E:/ANN_project/ANN_project.sdk/ANN_SW_design_wrapper_hw_platform_0/ps7_init.tcl
targets -set -filter {name =~"APU" && jtag_cable_name =~ "Digilent Zybo 210279654192A"} -index 0
loadhw E:/ANN_project/ANN_project.sdk/ANN_SW_design_wrapper_hw_platform_0/system.hdf
targets -set -filter {name =~"APU" && jtag_cable_name =~ "Digilent Zybo 210279654192A"} -index 0
stop
ps7_init
ps7_post_config
con
targets -set -nocase -filter {name =~ "ARM*#0" && jtag_cable_name =~ "Digilent Zybo 210279654192A"} -index 0
rst -processor
targets -set -nocase -filter {name =~ "ARM*#0" && jtag_cable_name =~ "Digilent Zybo 210279654192A"} -index 0
dow E:/ANN_project/ANN_project.sdk/ANN_SW_Heartbeats_Classifier_app/Debug/debug_ANN_SW_Heartbeats_Classifier_app.elf
----------------End of Script----------------

19:38:40 INFO  : Memory regions updated for context APU
19:38:40 INFO  : Context for processor 'ps7_cortexa9_0' is selected.
19:38:40 INFO  : 'con' command is executed.
19:38:40 INFO  : ----------------XSDB Script (After Launch)----------------
targets -set -nocase -filter {name =~ "ARM*#0" && jtag_cable_name =~ "Digilent Zybo 210279654192A"} -index 0
con
----------------End of Script----------------

20:03:13 INFO  : Launching XSDB server: xsdb.bat C:/Xilinx/SDK/2015.4/scripts/xsdb/xsdb/xsdb-server.tcl
01:59:48 INFO  : Launching XSDB server: xsdb.bat C:/Xilinx/SDK/2015.4/scripts/xsdb/xsdb/xsdb-server.tcl
01:59:50 INFO  : XSDB server has started successfully.
14:10:10 INFO  : Example project ANN_SW_standalone_bsp_xscutimer_polled_example_1 has been created successfully.
18:03:29 INFO  : Connected to target on host '127.0.0.1' and port '3121'.
18:03:30 INFO  : 'targets -set -filter {jtag_cable_name =~ "Digilent Zybo 210279654192A" && level==0} -index 1' command is executed.
18:03:31 INFO  : FPGA configured successfully with bitstream "E:/ANN_project/ANN_project.sdk/ANN_SW_design_wrapper_hw_platform_0/ANN_SW_design_wrapper.bit"
18:06:38 INFO  : 'targets -set -filter {jtag_cable_name =~ "Digilent Zybo 210279654192A" && level==0} -index 1' command is executed.
18:06:38 INFO  : 'fpga -state' command is executed.
18:06:38 INFO  : Connected to target on host '127.0.0.1' and port '3121'.
18:06:38 INFO  : Sourcing of 'E:/ANN_project/ANN_project.sdk/ANN_SW_design_wrapper_hw_platform_0/ps7_init.tcl' is done.
18:06:38 INFO  : 'targets -set -filter {name =~"APU" && jtag_cable_name =~ "Digilent Zybo 210279654192A"} -index 0' command is executed.
18:06:39 INFO  : Hardware design information is loaded from 'E:/ANN_project/ANN_project.sdk/ANN_SW_design_wrapper_hw_platform_0/system.hdf'.
18:06:39 INFO  : 'targets -set -filter {name =~"APU" && jtag_cable_name =~ "Digilent Zybo 210279654192A"} -index 0' command is executed.
18:06:39 INFO  : 'stop' command is executed.
18:06:39 INFO  : 'ps7_init' command is executed.
18:06:39 INFO  : 'ps7_post_config' command is executed.
18:06:40 INFO  : 'con' command is executed.
18:06:40 INFO  : Context for processor 'ps7_cortexa9_0' is selected.
18:06:40 INFO  : Processor reset is completed for 'ps7_cortexa9_0'.
18:06:40 INFO  : Context for processor 'ps7_cortexa9_0' is selected.
18:06:41 INFO  : The application 'E:/ANN_project/ANN_project.sdk/ANN_SW_Back-Propagation/Debug/debug_ANN_SW_Back-Propagation.elf' is downloaded to processor 'ps7_cortexa9_0'.
18:06:41 INFO  : ----------------XSDB Script----------------
connect -url tcp:127.0.0.1:3121
source E:/ANN_project/ANN_project.sdk/ANN_SW_design_wrapper_hw_platform_0/ps7_init.tcl
targets -set -filter {name =~"APU" && jtag_cable_name =~ "Digilent Zybo 210279654192A"} -index 0
loadhw E:/ANN_project/ANN_project.sdk/ANN_SW_design_wrapper_hw_platform_0/system.hdf
targets -set -filter {name =~"APU" && jtag_cable_name =~ "Digilent Zybo 210279654192A"} -index 0
stop
ps7_init
ps7_post_config
con
targets -set -nocase -filter {name =~ "ARM*#0" && jtag_cable_name =~ "Digilent Zybo 210279654192A"} -index 0
rst -processor
targets -set -nocase -filter {name =~ "ARM*#0" && jtag_cable_name =~ "Digilent Zybo 210279654192A"} -index 0
dow E:/ANN_project/ANN_project.sdk/ANN_SW_Back-Propagation/Debug/debug_ANN_SW_Back-Propagation.elf
----------------End of Script----------------

18:06:41 INFO  : Memory regions updated for context APU
18:06:41 INFO  : Context for processor 'ps7_cortexa9_0' is selected.
18:06:41 INFO  : 'con' command is executed.
18:06:41 INFO  : ----------------XSDB Script (After Launch)----------------
targets -set -nocase -filter {name =~ "ARM*#0" && jtag_cable_name =~ "Digilent Zybo 210279654192A"} -index 0
con
----------------End of Script----------------

18:07:57 INFO  : Disconnected from the channel tcfchan#1.
18:07:58 INFO  : 'targets -set -filter {jtag_cable_name =~ "Digilent Zybo 210279654192A" && level==0} -index 1' command is executed.
18:07:58 INFO  : 'fpga -state' command is executed.
18:07:58 INFO  : Connected to target on host '127.0.0.1' and port '3121'.
18:07:58 INFO  : Sourcing of 'E:/ANN_project/ANN_project.sdk/ANN_SW_design_wrapper_hw_platform_0/ps7_init.tcl' is done.
18:07:58 INFO  : 'targets -set -filter {name =~"APU" && jtag_cable_name =~ "Digilent Zybo 210279654192A"} -index 0' command is executed.
18:08:01 INFO  : Hardware design information is loaded from 'E:/ANN_project/ANN_project.sdk/ANN_SW_design_wrapper_hw_platform_0/system.hdf'.
18:08:01 INFO  : 'targets -set -filter {name =~"APU" && jtag_cable_name =~ "Digilent Zybo 210279654192A"} -index 0' command is executed.
18:08:01 INFO  : 'stop' command is executed.
18:08:01 INFO  : 'ps7_init' command is executed.
18:08:02 INFO  : 'ps7_post_config' command is executed.
18:08:02 INFO  : 'con' command is executed.
18:08:02 INFO  : Context for processor 'ps7_cortexa9_0' is selected.
18:08:02 INFO  : Processor reset is completed for 'ps7_cortexa9_0'.
18:08:02 INFO  : Context for processor 'ps7_cortexa9_0' is selected.
18:08:03 INFO  : The application 'E:/ANN_project/ANN_project.sdk/ANN_SW_Back-Propagation/Debug/debug_ANN_SW_Back-Propagation.elf' is downloaded to processor 'ps7_cortexa9_0'.
18:08:03 INFO  : ----------------XSDB Script----------------
connect -url tcp:127.0.0.1:3121
source E:/ANN_project/ANN_project.sdk/ANN_SW_design_wrapper_hw_platform_0/ps7_init.tcl
targets -set -filter {name =~"APU" && jtag_cable_name =~ "Digilent Zybo 210279654192A"} -index 0
loadhw E:/ANN_project/ANN_project.sdk/ANN_SW_design_wrapper_hw_platform_0/system.hdf
targets -set -filter {name =~"APU" && jtag_cable_name =~ "Digilent Zybo 210279654192A"} -index 0
stop
ps7_init
ps7_post_config
con
targets -set -nocase -filter {name =~ "ARM*#0" && jtag_cable_name =~ "Digilent Zybo 210279654192A"} -index 0
rst -processor
targets -set -nocase -filter {name =~ "ARM*#0" && jtag_cable_name =~ "Digilent Zybo 210279654192A"} -index 0
dow E:/ANN_project/ANN_project.sdk/ANN_SW_Back-Propagation/Debug/debug_ANN_SW_Back-Propagation.elf
----------------End of Script----------------

18:08:03 INFO  : Memory regions updated for context APU
18:08:03 INFO  : Context for processor 'ps7_cortexa9_0' is selected.
18:08:03 INFO  : 'con' command is executed.
18:08:03 INFO  : ----------------XSDB Script (After Launch)----------------
targets -set -nocase -filter {name =~ "ARM*#0" && jtag_cable_name =~ "Digilent Zybo 210279654192A"} -index 0
con
----------------End of Script----------------

18:09:48 INFO  : Disconnected from the channel tcfchan#2.
18:09:49 INFO  : 'targets -set -filter {jtag_cable_name =~ "Digilent Zybo 210279654192A" && level==0} -index 1' command is executed.
18:09:49 INFO  : 'fpga -state' command is executed.
18:09:49 INFO  : Connected to target on host '127.0.0.1' and port '3121'.
18:09:49 INFO  : Sourcing of 'E:/ANN_project/ANN_project.sdk/ANN_SW_design_wrapper_hw_platform_0/ps7_init.tcl' is done.
18:09:49 INFO  : 'targets -set -filter {name =~"APU" && jtag_cable_name =~ "Digilent Zybo 210279654192A"} -index 0' command is executed.
18:09:51 INFO  : Hardware design information is loaded from 'E:/ANN_project/ANN_project.sdk/ANN_SW_design_wrapper_hw_platform_0/system.hdf'.
18:09:52 INFO  : 'targets -set -filter {name =~"APU" && jtag_cable_name =~ "Digilent Zybo 210279654192A"} -index 0' command is executed.
18:09:52 INFO  : 'stop' command is executed.
18:09:52 INFO  : 'ps7_init' command is executed.
18:09:53 INFO  : 'ps7_post_config' command is executed.
18:09:53 INFO  : 'con' command is executed.
18:09:53 INFO  : Context for processor 'ps7_cortexa9_0' is selected.
18:09:53 INFO  : Processor reset is completed for 'ps7_cortexa9_0'.
18:09:53 INFO  : Context for processor 'ps7_cortexa9_0' is selected.
18:09:54 INFO  : The application 'E:/ANN_project/ANN_project.sdk/ANN_SW_Back-Propagation/Debug/debug_ANN_SW_Back-Propagation.elf' is downloaded to processor 'ps7_cortexa9_0'.
18:09:54 INFO  : ----------------XSDB Script----------------
connect -url tcp:127.0.0.1:3121
source E:/ANN_project/ANN_project.sdk/ANN_SW_design_wrapper_hw_platform_0/ps7_init.tcl
targets -set -filter {name =~"APU" && jtag_cable_name =~ "Digilent Zybo 210279654192A"} -index 0
loadhw E:/ANN_project/ANN_project.sdk/ANN_SW_design_wrapper_hw_platform_0/system.hdf
targets -set -filter {name =~"APU" && jtag_cable_name =~ "Digilent Zybo 210279654192A"} -index 0
stop
ps7_init
ps7_post_config
con
targets -set -nocase -filter {name =~ "ARM*#0" && jtag_cable_name =~ "Digilent Zybo 210279654192A"} -index 0
rst -processor
targets -set -nocase -filter {name =~ "ARM*#0" && jtag_cable_name =~ "Digilent Zybo 210279654192A"} -index 0
dow E:/ANN_project/ANN_project.sdk/ANN_SW_Back-Propagation/Debug/debug_ANN_SW_Back-Propagation.elf
----------------End of Script----------------

18:09:54 INFO  : Memory regions updated for context APU
18:09:54 INFO  : Context for processor 'ps7_cortexa9_0' is selected.
18:09:54 INFO  : 'con' command is executed.
18:09:54 INFO  : ----------------XSDB Script (After Launch)----------------
targets -set -nocase -filter {name =~ "ARM*#0" && jtag_cable_name =~ "Digilent Zybo 210279654192A"} -index 0
con
----------------End of Script----------------

18:24:47 INFO  : Disconnected from the channel tcfchan#3.
18:24:48 INFO  : 'targets -set -filter {jtag_cable_name =~ "Digilent Zybo 210279654192A" && level==0} -index 1' command is executed.
18:24:48 INFO  : 'fpga -state' command is executed.
18:24:48 INFO  : Connected to target on host '127.0.0.1' and port '3121'.
18:24:48 INFO  : Sourcing of 'E:/ANN_project/ANN_project.sdk/ANN_SW_design_wrapper_hw_platform_0/ps7_init.tcl' is done.
18:24:49 INFO  : 'targets -set -filter {name =~"APU" && jtag_cable_name =~ "Digilent Zybo 210279654192A"} -index 0' command is executed.
18:24:51 INFO  : Hardware design information is loaded from 'E:/ANN_project/ANN_project.sdk/ANN_SW_design_wrapper_hw_platform_0/system.hdf'.
18:24:51 INFO  : 'targets -set -filter {name =~"APU" && jtag_cable_name =~ "Digilent Zybo 210279654192A"} -index 0' command is executed.
18:24:51 INFO  : 'stop' command is executed.
18:24:52 INFO  : 'ps7_init' command is executed.
18:24:52 INFO  : 'ps7_post_config' command is executed.
18:24:52 INFO  : 'con' command is executed.
18:24:52 INFO  : Context for processor 'ps7_cortexa9_0' is selected.
18:24:52 INFO  : Processor reset is completed for 'ps7_cortexa9_0'.
18:24:52 INFO  : Context for processor 'ps7_cortexa9_0' is selected.
18:24:53 INFO  : The application 'E:/ANN_project/ANN_project.sdk/ANN_SW_Back-Propagation/Debug/debug_ANN_SW_Back-Propagation.elf' is downloaded to processor 'ps7_cortexa9_0'.
18:24:53 INFO  : ----------------XSDB Script----------------
connect -url tcp:127.0.0.1:3121
source E:/ANN_project/ANN_project.sdk/ANN_SW_design_wrapper_hw_platform_0/ps7_init.tcl
targets -set -filter {name =~"APU" && jtag_cable_name =~ "Digilent Zybo 210279654192A"} -index 0
loadhw E:/ANN_project/ANN_project.sdk/ANN_SW_design_wrapper_hw_platform_0/system.hdf
targets -set -filter {name =~"APU" && jtag_cable_name =~ "Digilent Zybo 210279654192A"} -index 0
stop
ps7_init
ps7_post_config
con
targets -set -nocase -filter {name =~ "ARM*#0" && jtag_cable_name =~ "Digilent Zybo 210279654192A"} -index 0
rst -processor
targets -set -nocase -filter {name =~ "ARM*#0" && jtag_cable_name =~ "Digilent Zybo 210279654192A"} -index 0
dow E:/ANN_project/ANN_project.sdk/ANN_SW_Back-Propagation/Debug/debug_ANN_SW_Back-Propagation.elf
----------------End of Script----------------

18:24:53 INFO  : Memory regions updated for context APU
18:24:53 INFO  : Context for processor 'ps7_cortexa9_0' is selected.
18:24:53 INFO  : 'con' command is executed.
18:24:53 INFO  : ----------------XSDB Script (After Launch)----------------
targets -set -nocase -filter {name =~ "ARM*#0" && jtag_cable_name =~ "Digilent Zybo 210279654192A"} -index 0
con
----------------End of Script----------------

18:25:34 INFO  : Disconnected from the channel tcfchan#4.
18:25:34 INFO  : 'targets -set -filter {jtag_cable_name =~ "Digilent Zybo 210279654192A" && level==0} -index 1' command is executed.
18:25:34 INFO  : 'fpga -state' command is executed.
18:25:34 INFO  : Connected to target on host '127.0.0.1' and port '3121'.
18:25:35 INFO  : Sourcing of 'E:/ANN_project/ANN_project.sdk/ANN_SW_design_wrapper_hw_platform_0/ps7_init.tcl' is done.
18:25:35 INFO  : 'targets -set -filter {name =~"APU" && jtag_cable_name =~ "Digilent Zybo 210279654192A"} -index 0' command is executed.
18:25:37 INFO  : Hardware design information is loaded from 'E:/ANN_project/ANN_project.sdk/ANN_SW_design_wrapper_hw_platform_0/system.hdf'.
18:25:37 INFO  : 'targets -set -filter {name =~"APU" && jtag_cable_name =~ "Digilent Zybo 210279654192A"} -index 0' command is executed.
18:25:37 INFO  : 'stop' command is executed.
18:25:38 INFO  : 'ps7_init' command is executed.
18:25:38 INFO  : 'ps7_post_config' command is executed.
18:25:38 INFO  : 'con' command is executed.
18:25:38 INFO  : Context for processor 'ps7_cortexa9_0' is selected.
18:25:38 INFO  : Processor reset is completed for 'ps7_cortexa9_0'.
18:25:39 INFO  : Context for processor 'ps7_cortexa9_0' is selected.
18:25:39 INFO  : The application 'E:/ANN_project/ANN_project.sdk/ANN_SW_Back-Propagation/Debug/debug_ANN_SW_Back-Propagation.elf' is downloaded to processor 'ps7_cortexa9_0'.
18:25:39 INFO  : ----------------XSDB Script----------------
connect -url tcp:127.0.0.1:3121
source E:/ANN_project/ANN_project.sdk/ANN_SW_design_wrapper_hw_platform_0/ps7_init.tcl
targets -set -filter {name =~"APU" && jtag_cable_name =~ "Digilent Zybo 210279654192A"} -index 0
loadhw E:/ANN_project/ANN_project.sdk/ANN_SW_design_wrapper_hw_platform_0/system.hdf
targets -set -filter {name =~"APU" && jtag_cable_name =~ "Digilent Zybo 210279654192A"} -index 0
stop
ps7_init
ps7_post_config
con
targets -set -nocase -filter {name =~ "ARM*#0" && jtag_cable_name =~ "Digilent Zybo 210279654192A"} -index 0
rst -processor
targets -set -nocase -filter {name =~ "ARM*#0" && jtag_cable_name =~ "Digilent Zybo 210279654192A"} -index 0
dow E:/ANN_project/ANN_project.sdk/ANN_SW_Back-Propagation/Debug/debug_ANN_SW_Back-Propagation.elf
----------------End of Script----------------

18:25:39 INFO  : Memory regions updated for context APU
18:25:39 INFO  : Context for processor 'ps7_cortexa9_0' is selected.
18:25:39 INFO  : 'con' command is executed.
18:25:39 INFO  : ----------------XSDB Script (After Launch)----------------
targets -set -nocase -filter {name =~ "ARM*#0" && jtag_cable_name =~ "Digilent Zybo 210279654192A"} -index 0
con
----------------End of Script----------------

18:31:45 INFO  : Disconnected from the channel tcfchan#5.
18:31:46 INFO  : 'targets -set -filter {jtag_cable_name =~ "Digilent Zybo 210279654192A" && level==0} -index 1' command is executed.
18:31:46 INFO  : 'fpga -state' command is executed.
18:31:46 INFO  : Connected to target on host '127.0.0.1' and port '3121'.
18:31:46 INFO  : Sourcing of 'E:/ANN_project/ANN_project.sdk/ANN_SW_design_wrapper_hw_platform_0/ps7_init.tcl' is done.
18:31:46 INFO  : 'targets -set -filter {name =~"APU" && jtag_cable_name =~ "Digilent Zybo 210279654192A"} -index 0' command is executed.
18:31:48 INFO  : Hardware design information is loaded from 'E:/ANN_project/ANN_project.sdk/ANN_SW_design_wrapper_hw_platform_0/system.hdf'.
18:31:49 INFO  : 'targets -set -filter {name =~"APU" && jtag_cable_name =~ "Digilent Zybo 210279654192A"} -index 0' command is executed.
18:31:49 INFO  : 'stop' command is executed.
18:31:49 INFO  : 'ps7_init' command is executed.
18:31:49 INFO  : 'ps7_post_config' command is executed.
18:31:49 INFO  : 'con' command is executed.
18:31:50 INFO  : Context for processor 'ps7_cortexa9_0' is selected.
18:31:50 INFO  : Processor reset is completed for 'ps7_cortexa9_0'.
18:31:50 INFO  : Context for processor 'ps7_cortexa9_0' is selected.
18:31:50 INFO  : The application 'E:/ANN_project/ANN_project.sdk/ANN_SW_Back-Propagation/Debug/debug_ANN_SW_Back-Propagation.elf' is downloaded to processor 'ps7_cortexa9_0'.
18:31:50 INFO  : ----------------XSDB Script----------------
connect -url tcp:127.0.0.1:3121
source E:/ANN_project/ANN_project.sdk/ANN_SW_design_wrapper_hw_platform_0/ps7_init.tcl
targets -set -filter {name =~"APU" && jtag_cable_name =~ "Digilent Zybo 210279654192A"} -index 0
loadhw E:/ANN_project/ANN_project.sdk/ANN_SW_design_wrapper_hw_platform_0/system.hdf
targets -set -filter {name =~"APU" && jtag_cable_name =~ "Digilent Zybo 210279654192A"} -index 0
stop
ps7_init
ps7_post_config
con
targets -set -nocase -filter {name =~ "ARM*#0" && jtag_cable_name =~ "Digilent Zybo 210279654192A"} -index 0
rst -processor
targets -set -nocase -filter {name =~ "ARM*#0" && jtag_cable_name =~ "Digilent Zybo 210279654192A"} -index 0
dow E:/ANN_project/ANN_project.sdk/ANN_SW_Back-Propagation/Debug/debug_ANN_SW_Back-Propagation.elf
----------------End of Script----------------

18:31:51 INFO  : Memory regions updated for context APU
18:31:51 INFO  : Context for processor 'ps7_cortexa9_0' is selected.
18:31:51 INFO  : 'con' command is executed.
18:31:51 INFO  : ----------------XSDB Script (After Launch)----------------
targets -set -nocase -filter {name =~ "ARM*#0" && jtag_cable_name =~ "Digilent Zybo 210279654192A"} -index 0
con
----------------End of Script----------------

18:32:16 INFO  : Disconnected from the channel tcfchan#6.
18:32:16 INFO  : 'targets -set -filter {jtag_cable_name =~ "Digilent Zybo 210279654192A" && level==0} -index 1' command is executed.
18:32:16 INFO  : 'fpga -state' command is executed.
18:32:16 INFO  : Connected to target on host '127.0.0.1' and port '3121'.
18:32:16 INFO  : Sourcing of 'E:/ANN_project/ANN_project.sdk/ANN_SW_design_wrapper_hw_platform_0/ps7_init.tcl' is done.
18:32:17 INFO  : 'targets -set -filter {name =~"APU" && jtag_cable_name =~ "Digilent Zybo 210279654192A"} -index 0' command is executed.
18:32:19 INFO  : Hardware design information is loaded from 'E:/ANN_project/ANN_project.sdk/ANN_SW_design_wrapper_hw_platform_0/system.hdf'.
18:32:19 INFO  : 'targets -set -filter {name =~"APU" && jtag_cable_name =~ "Digilent Zybo 210279654192A"} -index 0' command is executed.
18:32:19 INFO  : 'stop' command is executed.
18:32:19 INFO  : 'ps7_init' command is executed.
18:32:19 INFO  : 'ps7_post_config' command is executed.
18:32:20 INFO  : 'con' command is executed.
18:32:20 INFO  : Context for processor 'ps7_cortexa9_0' is selected.
18:32:20 INFO  : Processor reset is completed for 'ps7_cortexa9_0'.
18:32:20 INFO  : Context for processor 'ps7_cortexa9_0' is selected.
18:32:21 INFO  : The application 'E:/ANN_project/ANN_project.sdk/ANN_SW_Back-Propagation/Debug/debug_ANN_SW_Back-Propagation.elf' is downloaded to processor 'ps7_cortexa9_0'.
18:32:21 INFO  : ----------------XSDB Script----------------
connect -url tcp:127.0.0.1:3121
source E:/ANN_project/ANN_project.sdk/ANN_SW_design_wrapper_hw_platform_0/ps7_init.tcl
targets -set -filter {name =~"APU" && jtag_cable_name =~ "Digilent Zybo 210279654192A"} -index 0
loadhw E:/ANN_project/ANN_project.sdk/ANN_SW_design_wrapper_hw_platform_0/system.hdf
targets -set -filter {name =~"APU" && jtag_cable_name =~ "Digilent Zybo 210279654192A"} -index 0
stop
ps7_init
ps7_post_config
con
targets -set -nocase -filter {name =~ "ARM*#0" && jtag_cable_name =~ "Digilent Zybo 210279654192A"} -index 0
rst -processor
targets -set -nocase -filter {name =~ "ARM*#0" && jtag_cable_name =~ "Digilent Zybo 210279654192A"} -index 0
dow E:/ANN_project/ANN_project.sdk/ANN_SW_Back-Propagation/Debug/debug_ANN_SW_Back-Propagation.elf
----------------End of Script----------------

18:32:21 INFO  : Memory regions updated for context APU
18:32:22 INFO  : Context for processor 'ps7_cortexa9_0' is selected.
18:32:22 INFO  : 'con' command is executed.
18:32:22 INFO  : ----------------XSDB Script (After Launch)----------------
targets -set -nocase -filter {name =~ "ARM*#0" && jtag_cable_name =~ "Digilent Zybo 210279654192A"} -index 0
con
----------------End of Script----------------

18:32:54 INFO  : Connected to target on host '127.0.0.1' and port '3121'.
18:32:54 INFO  : 'targets -set -filter {jtag_cable_name =~ "Digilent Zybo 210279654192A" && level==0} -index 1' command is executed.
18:32:56 INFO  : FPGA configured successfully with bitstream "E:/ANN_project/ANN_project.sdk/ANN_SW_design_wrapper_hw_platform_0/ANN_SW_design_wrapper.bit"
18:33:03 INFO  : Disconnected from the channel tcfchan#7.
18:33:03 INFO  : 'targets -set -filter {jtag_cable_name =~ "Digilent Zybo 210279654192A" && level==0} -index 1' command is executed.
18:33:03 INFO  : 'fpga -state' command is executed.
18:33:03 INFO  : Connected to target on host '127.0.0.1' and port '3121'.
18:33:04 INFO  : Sourcing of 'E:/ANN_project/ANN_project.sdk/ANN_SW_design_wrapper_hw_platform_0/ps7_init.tcl' is done.
18:33:04 INFO  : 'targets -set -filter {name =~"APU" && jtag_cable_name =~ "Digilent Zybo 210279654192A"} -index 0' command is executed.
18:33:06 INFO  : Hardware design information is loaded from 'E:/ANN_project/ANN_project.sdk/ANN_SW_design_wrapper_hw_platform_0/system.hdf'.
18:33:06 INFO  : 'targets -set -filter {name =~"APU" && jtag_cable_name =~ "Digilent Zybo 210279654192A"} -index 0' command is executed.
18:33:07 INFO  : 'stop' command is executed.
18:33:07 INFO  : 'ps7_init' command is executed.
18:33:07 INFO  : 'ps7_post_config' command is executed.
18:33:07 INFO  : 'con' command is executed.
18:33:08 INFO  : Context for processor 'ps7_cortexa9_0' is selected.
18:33:08 INFO  : Processor reset is completed for 'ps7_cortexa9_0'.
18:33:08 INFO  : Context for processor 'ps7_cortexa9_0' is selected.
18:33:09 INFO  : The application 'E:/ANN_project/ANN_project.sdk/ANN_SW_Back-Propagation/Debug/debug_ANN_SW_Back-Propagation.elf' is downloaded to processor 'ps7_cortexa9_0'.
18:33:09 INFO  : ----------------XSDB Script----------------
connect -url tcp:127.0.0.1:3121
source E:/ANN_project/ANN_project.sdk/ANN_SW_design_wrapper_hw_platform_0/ps7_init.tcl
targets -set -filter {name =~"APU" && jtag_cable_name =~ "Digilent Zybo 210279654192A"} -index 0
loadhw E:/ANN_project/ANN_project.sdk/ANN_SW_design_wrapper_hw_platform_0/system.hdf
targets -set -filter {name =~"APU" && jtag_cable_name =~ "Digilent Zybo 210279654192A"} -index 0
stop
ps7_init
ps7_post_config
con
targets -set -nocase -filter {name =~ "ARM*#0" && jtag_cable_name =~ "Digilent Zybo 210279654192A"} -index 0
rst -processor
targets -set -nocase -filter {name =~ "ARM*#0" && jtag_cable_name =~ "Digilent Zybo 210279654192A"} -index 0
dow E:/ANN_project/ANN_project.sdk/ANN_SW_Back-Propagation/Debug/debug_ANN_SW_Back-Propagation.elf
----------------End of Script----------------

18:33:09 INFO  : Memory regions updated for context APU
18:33:10 INFO  : Context for processor 'ps7_cortexa9_0' is selected.
18:33:10 INFO  : 'con' command is executed.
18:33:10 INFO  : ----------------XSDB Script (After Launch)----------------
targets -set -nocase -filter {name =~ "ARM*#0" && jtag_cable_name =~ "Digilent Zybo 210279654192A"} -index 0
con
----------------End of Script----------------

18:46:36 INFO  : Disconnected from the channel tcfchan#8.
18:46:37 INFO  : 'targets -set -filter {jtag_cable_name =~ "Digilent Zybo 210279654192A" && level==0} -index 1' command is executed.
18:46:37 INFO  : 'fpga -state' command is executed.
18:46:37 INFO  : Connected to target on host '127.0.0.1' and port '3121'.
18:46:37 INFO  : Sourcing of 'E:/ANN_project/ANN_project.sdk/ANN_SW_design_wrapper_hw_platform_0/ps7_init.tcl' is done.
18:46:37 INFO  : 'targets -set -filter {name =~"APU" && jtag_cable_name =~ "Digilent Zybo 210279654192A"} -index 0' command is executed.
18:46:39 INFO  : Hardware design information is loaded from 'E:/ANN_project/ANN_project.sdk/ANN_SW_design_wrapper_hw_platform_0/system.hdf'.
18:46:40 INFO  : 'targets -set -filter {name =~"APU" && jtag_cable_name =~ "Digilent Zybo 210279654192A"} -index 0' command is executed.
18:46:40 INFO  : 'stop' command is executed.
18:46:40 INFO  : 'ps7_init' command is executed.
18:46:41 INFO  : 'ps7_post_config' command is executed.
18:46:41 INFO  : 'con' command is executed.
18:46:41 INFO  : Context for processor 'ps7_cortexa9_0' is selected.
18:46:41 INFO  : Processor reset is completed for 'ps7_cortexa9_0'.
18:46:41 INFO  : Context for processor 'ps7_cortexa9_0' is selected.
18:46:42 INFO  : The application 'E:/ANN_project/ANN_project.sdk/ANN_SW_Back-Propagation/Debug/debug_ANN_SW_Back-Propagation.elf' is downloaded to processor 'ps7_cortexa9_0'.
18:46:42 INFO  : ----------------XSDB Script----------------
connect -url tcp:127.0.0.1:3121
source E:/ANN_project/ANN_project.sdk/ANN_SW_design_wrapper_hw_platform_0/ps7_init.tcl
targets -set -filter {name =~"APU" && jtag_cable_name =~ "Digilent Zybo 210279654192A"} -index 0
loadhw E:/ANN_project/ANN_project.sdk/ANN_SW_design_wrapper_hw_platform_0/system.hdf
targets -set -filter {name =~"APU" && jtag_cable_name =~ "Digilent Zybo 210279654192A"} -index 0
stop
ps7_init
ps7_post_config
con
targets -set -nocase -filter {name =~ "ARM*#0" && jtag_cable_name =~ "Digilent Zybo 210279654192A"} -index 0
rst -processor
targets -set -nocase -filter {name =~ "ARM*#0" && jtag_cable_name =~ "Digilent Zybo 210279654192A"} -index 0
dow E:/ANN_project/ANN_project.sdk/ANN_SW_Back-Propagation/Debug/debug_ANN_SW_Back-Propagation.elf
----------------End of Script----------------

18:46:42 INFO  : Memory regions updated for context APU
18:46:43 INFO  : Context for processor 'ps7_cortexa9_0' is selected.
18:46:43 INFO  : 'con' command is executed.
18:46:43 INFO  : ----------------XSDB Script (After Launch)----------------
targets -set -nocase -filter {name =~ "ARM*#0" && jtag_cable_name =~ "Digilent Zybo 210279654192A"} -index 0
con
----------------End of Script----------------

18:48:52 INFO  : Disconnected from the channel tcfchan#9.
18:48:52 INFO  : 'targets -set -filter {jtag_cable_name =~ "Digilent Zybo 210279654192A" && level==0} -index 1' command is executed.
18:48:52 INFO  : 'fpga -state' command is executed.
18:48:53 INFO  : Connected to target on host '127.0.0.1' and port '3121'.
18:48:53 INFO  : Sourcing of 'E:/ANN_project/ANN_project.sdk/ANN_SW_design_wrapper_hw_platform_0/ps7_init.tcl' is done.
18:48:53 INFO  : 'targets -set -filter {name =~"APU" && jtag_cable_name =~ "Digilent Zybo 210279654192A"} -index 0' command is executed.
18:48:55 INFO  : Hardware design information is loaded from 'E:/ANN_project/ANN_project.sdk/ANN_SW_design_wrapper_hw_platform_0/system.hdf'.
18:48:55 INFO  : 'targets -set -filter {name =~"APU" && jtag_cable_name =~ "Digilent Zybo 210279654192A"} -index 0' command is executed.
18:48:55 INFO  : 'stop' command is executed.
18:48:56 INFO  : 'ps7_init' command is executed.
18:48:56 INFO  : 'ps7_post_config' command is executed.
18:48:56 INFO  : 'con' command is executed.
18:48:57 INFO  : Context for processor 'ps7_cortexa9_0' is selected.
18:48:57 INFO  : Processor reset is completed for 'ps7_cortexa9_0'.
18:48:57 INFO  : Context for processor 'ps7_cortexa9_0' is selected.
18:48:58 INFO  : The application 'E:/ANN_project/ANN_project.sdk/ANN_SW_Back-Propagation/Debug/debug_ANN_SW_Back-Propagation.elf' is downloaded to processor 'ps7_cortexa9_0'.
18:48:58 INFO  : ----------------XSDB Script----------------
connect -url tcp:127.0.0.1:3121
source E:/ANN_project/ANN_project.sdk/ANN_SW_design_wrapper_hw_platform_0/ps7_init.tcl
targets -set -filter {name =~"APU" && jtag_cable_name =~ "Digilent Zybo 210279654192A"} -index 0
loadhw E:/ANN_project/ANN_project.sdk/ANN_SW_design_wrapper_hw_platform_0/system.hdf
targets -set -filter {name =~"APU" && jtag_cable_name =~ "Digilent Zybo 210279654192A"} -index 0
stop
ps7_init
ps7_post_config
con
targets -set -nocase -filter {name =~ "ARM*#0" && jtag_cable_name =~ "Digilent Zybo 210279654192A"} -index 0
rst -processor
targets -set -nocase -filter {name =~ "ARM*#0" && jtag_cable_name =~ "Digilent Zybo 210279654192A"} -index 0
dow E:/ANN_project/ANN_project.sdk/ANN_SW_Back-Propagation/Debug/debug_ANN_SW_Back-Propagation.elf
----------------End of Script----------------

18:48:58 INFO  : Memory regions updated for context APU
18:48:58 INFO  : Context for processor 'ps7_cortexa9_0' is selected.
18:48:59 INFO  : 'con' command is executed.
18:48:59 INFO  : ----------------XSDB Script (After Launch)----------------
targets -set -nocase -filter {name =~ "ARM*#0" && jtag_cable_name =~ "Digilent Zybo 210279654192A"} -index 0
con
----------------End of Script----------------

19:44:49 INFO  : Disconnected from the channel tcfchan#10.
19:44:49 INFO  : 'targets -set -filter {jtag_cable_name =~ "Digilent Zybo 210279654192A" && level==0} -index 1' command is executed.
19:44:49 INFO  : 'fpga -state' command is executed.
19:44:59 INFO  : Connected to target on host '127.0.0.1' and port '3121'.
19:44:59 INFO  : 'targets -set -filter {jtag_cable_name =~ "Digilent Zybo 210279654192A" && level==0} -index 1' command is executed.
19:45:01 INFO  : FPGA configured successfully with bitstream "E:/ANN_project/ANN_project.sdk/ANN_SW_design_wrapper_hw_platform_0/ANN_SW_design_wrapper.bit"
19:45:04 INFO  : 'targets -set -filter {jtag_cable_name =~ "Digilent Zybo 210279654192A" && level==0} -index 1' command is executed.
19:45:04 INFO  : 'fpga -state' command is executed.
19:45:04 INFO  : Connected to target on host '127.0.0.1' and port '3121'.
19:45:04 INFO  : Sourcing of 'E:/ANN_project/ANN_project.sdk/ANN_SW_design_wrapper_hw_platform_0/ps7_init.tcl' is done.
19:45:04 INFO  : 'targets -set -filter {name =~"APU" && jtag_cable_name =~ "Digilent Zybo 210279654192A"} -index 0' command is executed.
19:45:04 INFO  : Hardware design information is loaded from 'E:/ANN_project/ANN_project.sdk/ANN_SW_design_wrapper_hw_platform_0/system.hdf'.
19:45:05 INFO  : 'targets -set -filter {name =~"APU" && jtag_cable_name =~ "Digilent Zybo 210279654192A"} -index 0' command is executed.
19:45:05 INFO  : 'stop' command is executed.
19:45:05 INFO  : 'ps7_init' command is executed.
19:45:05 INFO  : 'ps7_post_config' command is executed.
19:45:06 INFO  : 'con' command is executed.
19:45:06 INFO  : Context for processor 'ps7_cortexa9_0' is selected.
19:45:06 INFO  : Processor reset is completed for 'ps7_cortexa9_0'.
19:45:06 INFO  : Context for processor 'ps7_cortexa9_0' is selected.
19:45:07 INFO  : The application 'E:/ANN_project/ANN_project.sdk/ANN_SW_Back-Propagation/Debug/debug_ANN_SW_Back-Propagation.elf' is downloaded to processor 'ps7_cortexa9_0'.
19:45:07 INFO  : ----------------XSDB Script----------------
connect -url tcp:127.0.0.1:3121
source E:/ANN_project/ANN_project.sdk/ANN_SW_design_wrapper_hw_platform_0/ps7_init.tcl
targets -set -filter {name =~"APU" && jtag_cable_name =~ "Digilent Zybo 210279654192A"} -index 0
loadhw E:/ANN_project/ANN_project.sdk/ANN_SW_design_wrapper_hw_platform_0/system.hdf
targets -set -filter {name =~"APU" && jtag_cable_name =~ "Digilent Zybo 210279654192A"} -index 0
stop
ps7_init
ps7_post_config
con
targets -set -nocase -filter {name =~ "ARM*#0" && jtag_cable_name =~ "Digilent Zybo 210279654192A"} -index 0
rst -processor
targets -set -nocase -filter {name =~ "ARM*#0" && jtag_cable_name =~ "Digilent Zybo 210279654192A"} -index 0
dow E:/ANN_project/ANN_project.sdk/ANN_SW_Back-Propagation/Debug/debug_ANN_SW_Back-Propagation.elf
----------------End of Script----------------

19:45:07 INFO  : Memory regions updated for context APU
19:45:08 INFO  : Context for processor 'ps7_cortexa9_0' is selected.
19:45:08 INFO  : 'con' command is executed.
19:45:08 INFO  : ----------------XSDB Script (After Launch)----------------
targets -set -nocase -filter {name =~ "ARM*#0" && jtag_cable_name =~ "Digilent Zybo 210279654192A"} -index 0
con
----------------End of Script----------------

19:46:16 INFO  : Disconnected from the channel tcfchan#11.
19:46:16 INFO  : 'targets -set -filter {jtag_cable_name =~ "Digilent Zybo 210279654192A" && level==0} -index 1' command is executed.
19:46:16 INFO  : 'fpga -state' command is executed.
19:46:16 INFO  : Connected to target on host '127.0.0.1' and port '3121'.
19:46:17 INFO  : Sourcing of 'E:/ANN_project/ANN_project.sdk/ANN_SW_design_wrapper_hw_platform_0/ps7_init.tcl' is done.
19:46:17 INFO  : 'targets -set -filter {name =~"APU" && jtag_cable_name =~ "Digilent Zybo 210279654192A"} -index 0' command is executed.
19:46:19 INFO  : Hardware design information is loaded from 'E:/ANN_project/ANN_project.sdk/ANN_SW_design_wrapper_hw_platform_0/system.hdf'.
19:46:19 INFO  : 'targets -set -filter {name =~"APU" && jtag_cable_name =~ "Digilent Zybo 210279654192A"} -index 0' command is executed.
19:46:19 INFO  : 'stop' command is executed.
19:46:20 INFO  : 'ps7_init' command is executed.
19:46:20 INFO  : 'ps7_post_config' command is executed.
19:46:20 INFO  : 'con' command is executed.
19:46:20 INFO  : Context for processor 'ps7_cortexa9_0' is selected.
19:46:21 INFO  : Processor reset is completed for 'ps7_cortexa9_0'.
19:46:21 INFO  : Context for processor 'ps7_cortexa9_0' is selected.
19:46:22 INFO  : The application 'E:/ANN_project/ANN_project.sdk/ANN_SW_Back-Propagation/Debug/debug_ANN_SW_Back-Propagation.elf' is downloaded to processor 'ps7_cortexa9_0'.
19:46:22 INFO  : ----------------XSDB Script----------------
connect -url tcp:127.0.0.1:3121
source E:/ANN_project/ANN_project.sdk/ANN_SW_design_wrapper_hw_platform_0/ps7_init.tcl
targets -set -filter {name =~"APU" && jtag_cable_name =~ "Digilent Zybo 210279654192A"} -index 0
loadhw E:/ANN_project/ANN_project.sdk/ANN_SW_design_wrapper_hw_platform_0/system.hdf
targets -set -filter {name =~"APU" && jtag_cable_name =~ "Digilent Zybo 210279654192A"} -index 0
stop
ps7_init
ps7_post_config
con
targets -set -nocase -filter {name =~ "ARM*#0" && jtag_cable_name =~ "Digilent Zybo 210279654192A"} -index 0
rst -processor
targets -set -nocase -filter {name =~ "ARM*#0" && jtag_cable_name =~ "Digilent Zybo 210279654192A"} -index 0
dow E:/ANN_project/ANN_project.sdk/ANN_SW_Back-Propagation/Debug/debug_ANN_SW_Back-Propagation.elf
----------------End of Script----------------

19:46:22 INFO  : Memory regions updated for context APU
19:46:22 INFO  : Context for processor 'ps7_cortexa9_0' is selected.
19:46:22 INFO  : 'con' command is executed.
19:46:22 INFO  : ----------------XSDB Script (After Launch)----------------
targets -set -nocase -filter {name =~ "ARM*#0" && jtag_cable_name =~ "Digilent Zybo 210279654192A"} -index 0
con
----------------End of Script----------------

00:13:28 WARN  : Unexpected exception occurred.
java.io.IOException: Command [C 893 xsdb eval "disconnect tcfchan#12"] aborted
	at org.eclipse.tcf.core.AbstractChannel$9.run(AbstractChannel.java:753)
	at org.eclipse.tcf.EventQueue.run(EventQueue.java:95)
	at java.lang.Thread.run(Thread.java:745)
Caused by: java.net.SocketException: Connection reset
	at java.net.SocketInputStream.read(SocketInputStream.java:209)
	at java.net.SocketInputStream.read(SocketInputStream.java:141)
	at java.io.BufferedInputStream.read1(BufferedInputStream.java:284)
	at java.io.BufferedInputStream.read(BufferedInputStream.java:345)
	at java.io.FilterInputStream.read(FilterInputStream.java:107)
	at org.eclipse.tcf.core.ChannelTCP.get(ChannelTCP.java:162)
	at org.eclipse.tcf.core.StreamChannel.read(StreamChannel.java:84)
	at org.eclipse.tcf.core.AbstractChannel$1.run(AbstractChannel.java:254)
21:09:48 INFO  : Launching XSDB server: xsdb.bat C:/Xilinx/SDK/2015.4/scripts/xsdb/xsdb/xsdb-server.tcl
21:09:50 INFO  : XSDB server has started successfully.
19:55:19 INFO  : Launching XSDB server: xsdb.bat C:/Xilinx/SDK/2015.4/scripts/xsdb/xsdb/xsdb-server.tcl
19:55:21 INFO  : XSDB server has started successfully.
