Copyright 1986-2015 Xilinx, Inc. All Rights Reserved.
--------------------------------------------------------------------------------------
| Tool Version : Vivado v.2015.4.2 (win64) Build 1494164 Fri Feb 26 04:18:56 MST 2016
| Date         : Mon Aug 15 19:06:08 2016
| Host         : DESKTOP-I329812 running 64-bit major release  (build 9200)
| Command      : report_drc
--------------------------------------------------------------------------------------

Report DRC

Table of Contents
-----------------
1. REPORT SUMMARY
2. REPORT DETAILS

1. REPORT SUMMARY
-----------------
            Netlist: netlist
          Floorplan: checkpoint_sigmoid
      Design limits: <entire design considered>
           Ruledeck: default
             Max violations: <unlimited>
             Violations found: 28

2. REPORT DETAILS
-----------------
DPIP-1#1 Warning
Input pipelining  
DSP sigmoid_dmul_64ns_64ns_64_6_max_dsp_U0/sigmoid_ap_dmul_4_max_dsp_64_u/U0/i_synth/MULT.OP/MULT/DSP48E1_SPD_DBL_VARIANT.FIX_MULT/DSP0/DSP input sigmoid_dmul_64ns_64ns_64_6_max_dsp_U0/sigmoid_ap_dmul_4_max_dsp_64_u/U0/i_synth/MULT.OP/MULT/DSP48E1_SPD_DBL_VARIANT.FIX_MULT/DSP0/DSP/A[29:0] is not pipelined. Pipelining DSP48 input will improve performance.
Related violations: <none>

DPIP-1#2 Warning
Input pipelining  
DSP sigmoid_dmul_64ns_64ns_64_6_max_dsp_U0/sigmoid_ap_dmul_4_max_dsp_64_u/U0/i_synth/MULT.OP/MULT/DSP48E1_SPD_DBL_VARIANT.FIX_MULT/DSP1/DSP input sigmoid_dmul_64ns_64ns_64_6_max_dsp_U0/sigmoid_ap_dmul_4_max_dsp_64_u/U0/i_synth/MULT.OP/MULT/DSP48E1_SPD_DBL_VARIANT.FIX_MULT/DSP1/DSP/A[29:0] is not pipelined. Pipelining DSP48 input will improve performance.
Related violations: <none>

DPIP-1#3 Warning
Input pipelining  
DSP sigmoid_dmul_64ns_64ns_64_6_max_dsp_U0/sigmoid_ap_dmul_4_max_dsp_64_u/U0/i_synth/MULT.OP/MULT/DSP48E1_SPD_DBL_VARIANT.FIX_MULT/DSP2/DSP input sigmoid_dmul_64ns_64ns_64_6_max_dsp_U0/sigmoid_ap_dmul_4_max_dsp_64_u/U0/i_synth/MULT.OP/MULT/DSP48E1_SPD_DBL_VARIANT.FIX_MULT/DSP2/DSP/A[29:0] is not pipelined. Pipelining DSP48 input will improve performance.
Related violations: <none>

DPIP-1#4 Warning
Input pipelining  
DSP sigmoid_dmul_64ns_64ns_64_6_max_dsp_U0/sigmoid_ap_dmul_4_max_dsp_64_u/U0/i_synth/MULT.OP/R_AND_R/LOGIC.R_AND_R/DSP48_E1.DSP48E1_ADD.DSP48E1_ADD/DSP input sigmoid_dmul_64ns_64ns_64_6_max_dsp_U0/sigmoid_ap_dmul_4_max_dsp_64_u/U0/i_synth/MULT.OP/R_AND_R/LOGIC.R_AND_R/DSP48_E1.DSP48E1_ADD.DSP48E1_ADD/DSP/B[17:0] is not pipelined. Pipelining DSP48 input will improve performance.
Related violations: <none>

DPIP-1#5 Warning
Input pipelining  
DSP sigmoid_dmul_64ns_64ns_64_6_max_dsp_U0/sigmoid_ap_dmul_4_max_dsp_64_u/U0/i_synth/MULT.OP/R_AND_R/LOGIC.R_AND_R/DSP48_E1.DSP48E1_ADD.DSP48E1_ADD/DSP input sigmoid_dmul_64ns_64ns_64_6_max_dsp_U0/sigmoid_ap_dmul_4_max_dsp_64_u/U0/i_synth/MULT.OP/R_AND_R/LOGIC.R_AND_R/DSP48_E1.DSP48E1_ADD.DSP48E1_ADD/DSP/C[47:0] is not pipelined. Pipelining DSP48 input will improve performance.
Related violations: <none>

DPOP-1#1 Warning
PREG Output pipelining  
DSP sigmoid_dmul_64ns_64ns_64_6_max_dsp_U0/sigmoid_ap_dmul_4_max_dsp_64_u/U0/i_synth/MULT.OP/MULT/DSP48E1_SPD_DBL_VARIANT.FIX_MULT/DSP0/DSP output sigmoid_dmul_64ns_64ns_64_6_max_dsp_U0/sigmoid_ap_dmul_4_max_dsp_64_u/U0/i_synth/MULT.OP/MULT/DSP48E1_SPD_DBL_VARIANT.FIX_MULT/DSP0/DSP/PATTERNDETECT is not pipelined (PREG=0). Pipelining the DSP48 output will improve performance and often saves power so it is suggested whenever possible to fully pipeline this function.  If this DSP48 function was inferred, it is suggested to describe an additional register stage after this function.  If the DSP48 was instantiated in the design, it is suggested to set the PREG attribute to 1.
Related violations: <none>

DPOP-1#2 Warning
PREG Output pipelining  
DSP sigmoid_dmul_64ns_64ns_64_6_max_dsp_U0/sigmoid_ap_dmul_4_max_dsp_64_u/U0/i_synth/MULT.OP/MULT/DSP48E1_SPD_DBL_VARIANT.FIX_MULT/DSP2/DSP output sigmoid_dmul_64ns_64ns_64_6_max_dsp_U0/sigmoid_ap_dmul_4_max_dsp_64_u/U0/i_synth/MULT.OP/MULT/DSP48E1_SPD_DBL_VARIANT.FIX_MULT/DSP2/DSP/PATTERNDETECT is not pipelined (PREG=0). Pipelining the DSP48 output will improve performance and often saves power so it is suggested whenever possible to fully pipeline this function.  If this DSP48 function was inferred, it is suggested to describe an additional register stage after this function.  If the DSP48 was instantiated in the design, it is suggested to set the PREG attribute to 1.
Related violations: <none>

DPOP-1#3 Warning
PREG Output pipelining  
DSP sigmoid_dmul_64ns_64ns_64_6_max_dsp_U0/sigmoid_ap_dmul_4_max_dsp_64_u/U0/i_synth/MULT.OP/MULT/DSP48E1_SPD_DBL_VARIANT.FIX_MULT/DSP7/DSP output sigmoid_dmul_64ns_64ns_64_6_max_dsp_U0/sigmoid_ap_dmul_4_max_dsp_64_u/U0/i_synth/MULT.OP/MULT/DSP48E1_SPD_DBL_VARIANT.FIX_MULT/DSP7/DSP/P[47:0] is not pipelined (PREG=0). Pipelining the DSP48 output will improve performance and often saves power so it is suggested whenever possible to fully pipeline this function.  If this DSP48 function was inferred, it is suggested to describe an additional register stage after this function.  If the DSP48 was instantiated in the design, it is suggested to set the PREG attribute to 1.
Related violations: <none>

DPOP-1#4 Warning
PREG Output pipelining  
DSP sigmoid_dmul_64ns_64ns_64_6_max_dsp_U0/sigmoid_ap_dmul_4_max_dsp_64_u/U0/i_synth/MULT.OP/MULT/DSP48E1_SPD_DBL_VARIANT.FIX_MULT/DSP8/DSP output sigmoid_dmul_64ns_64ns_64_6_max_dsp_U0/sigmoid_ap_dmul_4_max_dsp_64_u/U0/i_synth/MULT.OP/MULT/DSP48E1_SPD_DBL_VARIANT.FIX_MULT/DSP8/DSP/P[47:0] is not pipelined (PREG=0). Pipelining the DSP48 output will improve performance and often saves power so it is suggested whenever possible to fully pipeline this function.  If this DSP48 function was inferred, it is suggested to describe an additional register stage after this function.  If the DSP48 was instantiated in the design, it is suggested to set the PREG attribute to 1.
Related violations: <none>

DPOP-1#5 Warning
PREG Output pipelining  
DSP sigmoid_dmul_64ns_64ns_64_6_max_dsp_U0/sigmoid_ap_dmul_4_max_dsp_64_u/U0/i_synth/MULT.OP/R_AND_R/LOGIC.R_AND_R/DSP48_E1.DSP48E1_ADD.DSP48E1_ADD/DSP output sigmoid_dmul_64ns_64ns_64_6_max_dsp_U0/sigmoid_ap_dmul_4_max_dsp_64_u/U0/i_synth/MULT.OP/R_AND_R/LOGIC.R_AND_R/DSP48_E1.DSP48E1_ADD.DSP48E1_ADD/DSP/P[47:0] is not pipelined (PREG=0). Pipelining the DSP48 output will improve performance and often saves power so it is suggested whenever possible to fully pipeline this function.  If this DSP48 function was inferred, it is suggested to describe an additional register stage after this function.  If the DSP48 was instantiated in the design, it is suggested to set the PREG attribute to 1.
Related violations: <none>

DPOP-2#1 Warning
MREG Output pipelining  
DSP sigmoid_dmul_64ns_64ns_64_6_max_dsp_U0/sigmoid_ap_dmul_4_max_dsp_64_u/U0/i_synth/MULT.OP/MULT/DSP48E1_SPD_DBL_VARIANT.FIX_MULT/DSP0/DSP multiplier stage sigmoid_dmul_64ns_64ns_64_6_max_dsp_U0/sigmoid_ap_dmul_4_max_dsp_64_u/U0/i_synth/MULT.OP/MULT/DSP48E1_SPD_DBL_VARIANT.FIX_MULT/DSP0/DSP/PATTERNDETECT is not pipelined (MREG=0). Pipelining the multiplier function will improve performance and will save significant power so it is suggested whenever possible to fully pipeline this function.  If this multiplier was inferred, it is suggested to describe an additional register stage after this function.  If there is no registered adder/accumulator following the multiply function, two pipeline stages are suggested to allow both the MREG and PREG registers to be used.  If the DSP48 was instantiated in the design, it is suggested to set both the MREG and PREG attributes to 1 when performing multiply functions.
Related violations: <none>

DPOP-2#2 Warning
MREG Output pipelining  
DSP sigmoid_dmul_64ns_64ns_64_6_max_dsp_U0/sigmoid_ap_dmul_4_max_dsp_64_u/U0/i_synth/MULT.OP/MULT/DSP48E1_SPD_DBL_VARIANT.FIX_MULT/DSP5/DSP multiplier stage sigmoid_dmul_64ns_64ns_64_6_max_dsp_U0/sigmoid_ap_dmul_4_max_dsp_64_u/U0/i_synth/MULT.OP/MULT/DSP48E1_SPD_DBL_VARIANT.FIX_MULT/DSP5/DSP/PATTERNDETECT is not pipelined (MREG=0). Pipelining the multiplier function will improve performance and will save significant power so it is suggested whenever possible to fully pipeline this function.  If this multiplier was inferred, it is suggested to describe an additional register stage after this function.  If there is no registered adder/accumulator following the multiply function, two pipeline stages are suggested to allow both the MREG and PREG registers to be used.  If the DSP48 was instantiated in the design, it is suggested to set both the MREG and PREG attributes to 1 when performing multiply functions.
Related violations: <none>

DPOP-2#3 Warning
MREG Output pipelining  
DSP sigmoid_dmul_64ns_64ns_64_6_max_dsp_U0/sigmoid_ap_dmul_4_max_dsp_64_u/U0/i_synth/MULT.OP/MULT/DSP48E1_SPD_DBL_VARIANT.FIX_MULT/DSP7/DSP multiplier stage sigmoid_dmul_64ns_64ns_64_6_max_dsp_U0/sigmoid_ap_dmul_4_max_dsp_64_u/U0/i_synth/MULT.OP/MULT/DSP48E1_SPD_DBL_VARIANT.FIX_MULT/DSP7/DSP/P[47:0] is not pipelined (MREG=0). Pipelining the multiplier function will improve performance and will save significant power so it is suggested whenever possible to fully pipeline this function.  If this multiplier was inferred, it is suggested to describe an additional register stage after this function.  If there is no registered adder/accumulator following the multiply function, two pipeline stages are suggested to allow both the MREG and PREG registers to be used.  If the DSP48 was instantiated in the design, it is suggested to set both the MREG and PREG attributes to 1 when performing multiply functions.
Related violations: <none>

DPOP-2#4 Warning
MREG Output pipelining  
DSP sigmoid_dmul_64ns_64ns_64_6_max_dsp_U0/sigmoid_ap_dmul_4_max_dsp_64_u/U0/i_synth/MULT.OP/MULT/DSP48E1_SPD_DBL_VARIANT.FIX_MULT/DSP8/DSP multiplier stage sigmoid_dmul_64ns_64ns_64_6_max_dsp_U0/sigmoid_ap_dmul_4_max_dsp_64_u/U0/i_synth/MULT.OP/MULT/DSP48E1_SPD_DBL_VARIANT.FIX_MULT/DSP8/DSP/P[47:0] is not pipelined (MREG=0). Pipelining the multiplier function will improve performance and will save significant power so it is suggested whenever possible to fully pipeline this function.  If this multiplier was inferred, it is suggested to describe an additional register stage after this function.  If there is no registered adder/accumulator following the multiply function, two pipeline stages are suggested to allow both the MREG and PREG registers to be used.  If the DSP48 was instantiated in the design, it is suggested to set both the MREG and PREG attributes to 1 when performing multiply functions.
Related violations: <none>

DPOP-2#5 Warning
MREG Output pipelining  
DSP sigmoid_dmul_64ns_64ns_64_6_max_dsp_U0/sigmoid_ap_dmul_4_max_dsp_64_u/U0/i_synth/MULT.OP/MULT/DSP48E1_SPD_DBL_VARIANT.FIX_MULT/FULL_MAX_USAGE.DSP9/DSP multiplier stage sigmoid_dmul_64ns_64ns_64_6_max_dsp_U0/sigmoid_ap_dmul_4_max_dsp_64_u/U0/i_synth/MULT.OP/MULT/DSP48E1_SPD_DBL_VARIANT.FIX_MULT/FULL_MAX_USAGE.DSP9/DSP/P[47:0] is not pipelined (MREG=0). Pipelining the multiplier function will improve performance and will save significant power so it is suggested whenever possible to fully pipeline this function.  If this multiplier was inferred, it is suggested to describe an additional register stage after this function.  If there is no registered adder/accumulator following the multiply function, two pipeline stages are suggested to allow both the MREG and PREG registers to be used.  If the DSP48 was instantiated in the design, it is suggested to set both the MREG and PREG attributes to 1 when performing multiply functions.
Related violations: <none>

ZPS7-1#1 Warning
PS7 block required  
The PS7 cell must be used in this Zynq design in order to enable correct default configuration.
Related violations: <none>

AVAL-4#1 Advisory
enum_USE_DPORT_FALSE_enum_DREG_ADREG_0_connects_CED_CEAD_RSTD_GND  
sigmoid_dmul_64ns_64ns_64_6_max_dsp_U0/sigmoid_ap_dmul_4_max_dsp_64_u/U0/i_synth/MULT.OP/MULT/DSP48E1_SPD_DBL_VARIANT.FIX_MULT/DSP0/DSP: DSP48E1 is not using the D port (USE_DPORT = FALSE). For improved power characteristics, set DREG and ADREG to '1', tie CED, CEAD, and RSTD to logic '0'.
Related violations: <none>

AVAL-4#2 Advisory
enum_USE_DPORT_FALSE_enum_DREG_ADREG_0_connects_CED_CEAD_RSTD_GND  
sigmoid_dmul_64ns_64ns_64_6_max_dsp_U0/sigmoid_ap_dmul_4_max_dsp_64_u/U0/i_synth/MULT.OP/MULT/DSP48E1_SPD_DBL_VARIANT.FIX_MULT/DSP1/DSP: DSP48E1 is not using the D port (USE_DPORT = FALSE). For improved power characteristics, set DREG and ADREG to '1', tie CED, CEAD, and RSTD to logic '0'.
Related violations: <none>

AVAL-4#3 Advisory
enum_USE_DPORT_FALSE_enum_DREG_ADREG_0_connects_CED_CEAD_RSTD_GND  
sigmoid_dmul_64ns_64ns_64_6_max_dsp_U0/sigmoid_ap_dmul_4_max_dsp_64_u/U0/i_synth/MULT.OP/MULT/DSP48E1_SPD_DBL_VARIANT.FIX_MULT/DSP2/DSP: DSP48E1 is not using the D port (USE_DPORT = FALSE). For improved power characteristics, set DREG and ADREG to '1', tie CED, CEAD, and RSTD to logic '0'.
Related violations: <none>

AVAL-4#4 Advisory
enum_USE_DPORT_FALSE_enum_DREG_ADREG_0_connects_CED_CEAD_RSTD_GND  
sigmoid_dmul_64ns_64ns_64_6_max_dsp_U0/sigmoid_ap_dmul_4_max_dsp_64_u/U0/i_synth/MULT.OP/MULT/DSP48E1_SPD_DBL_VARIANT.FIX_MULT/DSP3/DSP: DSP48E1 is not using the D port (USE_DPORT = FALSE). For improved power characteristics, set DREG and ADREG to '1', tie CED, CEAD, and RSTD to logic '0'.
Related violations: <none>

AVAL-4#5 Advisory
enum_USE_DPORT_FALSE_enum_DREG_ADREG_0_connects_CED_CEAD_RSTD_GND  
sigmoid_dmul_64ns_64ns_64_6_max_dsp_U0/sigmoid_ap_dmul_4_max_dsp_64_u/U0/i_synth/MULT.OP/MULT/DSP48E1_SPD_DBL_VARIANT.FIX_MULT/DSP4/DSP: DSP48E1 is not using the D port (USE_DPORT = FALSE). For improved power characteristics, set DREG and ADREG to '1', tie CED, CEAD, and RSTD to logic '0'.
Related violations: <none>

AVAL-4#6 Advisory
enum_USE_DPORT_FALSE_enum_DREG_ADREG_0_connects_CED_CEAD_RSTD_GND  
sigmoid_dmul_64ns_64ns_64_6_max_dsp_U0/sigmoid_ap_dmul_4_max_dsp_64_u/U0/i_synth/MULT.OP/MULT/DSP48E1_SPD_DBL_VARIANT.FIX_MULT/DSP5/DSP: DSP48E1 is not using the D port (USE_DPORT = FALSE). For improved power characteristics, set DREG and ADREG to '1', tie CED, CEAD, and RSTD to logic '0'.
Related violations: <none>

AVAL-4#7 Advisory
enum_USE_DPORT_FALSE_enum_DREG_ADREG_0_connects_CED_CEAD_RSTD_GND  
sigmoid_dmul_64ns_64ns_64_6_max_dsp_U0/sigmoid_ap_dmul_4_max_dsp_64_u/U0/i_synth/MULT.OP/MULT/DSP48E1_SPD_DBL_VARIANT.FIX_MULT/DSP6/DSP: DSP48E1 is not using the D port (USE_DPORT = FALSE). For improved power characteristics, set DREG and ADREG to '1', tie CED, CEAD, and RSTD to logic '0'.
Related violations: <none>

AVAL-4#8 Advisory
enum_USE_DPORT_FALSE_enum_DREG_ADREG_0_connects_CED_CEAD_RSTD_GND  
sigmoid_dmul_64ns_64ns_64_6_max_dsp_U0/sigmoid_ap_dmul_4_max_dsp_64_u/U0/i_synth/MULT.OP/MULT/DSP48E1_SPD_DBL_VARIANT.FIX_MULT/DSP7/DSP: DSP48E1 is not using the D port (USE_DPORT = FALSE). For improved power characteristics, set DREG and ADREG to '1', tie CED, CEAD, and RSTD to logic '0'.
Related violations: <none>

AVAL-4#9 Advisory
enum_USE_DPORT_FALSE_enum_DREG_ADREG_0_connects_CED_CEAD_RSTD_GND  
sigmoid_dmul_64ns_64ns_64_6_max_dsp_U0/sigmoid_ap_dmul_4_max_dsp_64_u/U0/i_synth/MULT.OP/MULT/DSP48E1_SPD_DBL_VARIANT.FIX_MULT/DSP8/DSP: DSP48E1 is not using the D port (USE_DPORT = FALSE). For improved power characteristics, set DREG and ADREG to '1', tie CED, CEAD, and RSTD to logic '0'.
Related violations: <none>

AVAL-4#10 Advisory
enum_USE_DPORT_FALSE_enum_DREG_ADREG_0_connects_CED_CEAD_RSTD_GND  
sigmoid_dmul_64ns_64ns_64_6_max_dsp_U0/sigmoid_ap_dmul_4_max_dsp_64_u/U0/i_synth/MULT.OP/MULT/DSP48E1_SPD_DBL_VARIANT.FIX_MULT/FULL_MAX_USAGE.DSP9/DSP: DSP48E1 is not using the D port (USE_DPORT = FALSE). For improved power characteristics, set DREG and ADREG to '1', tie CED, CEAD, and RSTD to logic '0'.
Related violations: <none>

AVAL-4#11 Advisory
enum_USE_DPORT_FALSE_enum_DREG_ADREG_0_connects_CED_CEAD_RSTD_GND  
sigmoid_dmul_64ns_64ns_64_6_max_dsp_U0/sigmoid_ap_dmul_4_max_dsp_64_u/U0/i_synth/MULT.OP/R_AND_R/LOGIC.R_AND_R/DSP48_E1.DSP48E1_ADD.DSP48E1_ADD/DSP: DSP48E1 is not using the D port (USE_DPORT = FALSE). For improved power characteristics, set DREG and ADREG to '1', tie CED, CEAD, and RSTD to logic '0'.
Related violations: <none>

AVAL-5#1 Advisory
enum_USE_MULT_NONE_enum_DREG_ADREG_0_connects_CED_CEAD_RSTD_GND  
sigmoid_dmul_64ns_64ns_64_6_max_dsp_U0/sigmoid_ap_dmul_4_max_dsp_64_u/U0/i_synth/MULT.OP/R_AND_R/LOGIC.R_AND_R/DSP48_E1.DSP48E1_ADD.DSP48E1_ADD/DSP: DSP48E1 is not using the Multiplier (USE_MULT = NONE). For improved power characteristics, set DREG and ADREG to '1', tie CED, CEAD, and RSTD to logic '0'.
Related violations: <none>


